Using pre-set license
Built from '2020.2/release' branch; Version is '2020.2.2f1 (068178b99f32) revision 426360'; Using compiler version '192528614'; Build Type 'Release'
OS: 'Windows 10 Pro; OS build 15063.1387; Version 1703; 64bit' Language: 'de' Physical Memory: 10102 MB
BatchMode: 1, IsHumanControllingUs: 0, StartBugReporterOnCrash: 0, Is64bit: 1, IsPro: 0

 COMMAND LINE ARGUMENTS:
C:\Program Files\Unity\Hub\Editor\2020.2.2f1\Editor\Unity.exe
-adb2
-batchMode
-noUpm
-name
AssetImportWorker0
-projectPath
E:/Github/Crystal Alchemist
-logFile
Logs/AssetImportWorker0.log
-srvPort
64387
Successfully changed project path to: E:/Github/Crystal Alchemist
E:/Github/Crystal Alchemist
Using Asset Import Pipeline V2.
Refreshing native plugins compatible for Editor in 344.70 ms, found 1 plugins.
Preloading 0 native plugins for Editor in 0.00 ms.
Initialize engine version: 2020.2.2f1 (068178b99f32)
[Subsystems] Discovering subsystems at path C:/Program Files/Unity/Hub/Editor/2020.2.2f1/Editor/Data/Resources/UnitySubsystems
[Subsystems] Discovering subsystems at path E:/Github/Crystal Alchemist/Assets
GfxDevice: creating device client; threaded=0
Direct3D:
    Version:  Direct3D 11.0 [level 11.1]
    Renderer: Intel(R) HD Graphics 4600 (ID=0x412)
    Vendor:   
    VRAM:     2048 MB
    Driver:   20.19.15.4549
Shader 'Universal Render Pipeline/Particles/Lit': fallback shader 'Universal Render Pipeline/Particles/SimpleLit' not found
Initialize mono
Mono path[0] = 'C:/Program Files/Unity/Hub/Editor/2020.2.2f1/Editor/Data/Managed'
Mono path[1] = 'C:/Program Files/Unity/Hub/Editor/2020.2.2f1/Editor/Data/MonoBleedingEdge/lib/mono/unityjit'
Mono config path = 'C:/Program Files/Unity/Hub/Editor/2020.2.2f1/Editor/Data/MonoBleedingEdge/etc'
Using monoOptions --debugger-agent=transport=dt_socket,embedding=1,server=y,suspend=n,address=127.0.0.1:56000
Begin MonoManager ReloadAssembly
Registering precompiled unity dll's ...
Register platform support module: C:/Program Files/Unity/Hub/Editor/2020.2.2f1/Editor/Data/PlaybackEngines/WindowsStandaloneSupport/UnityEditor.WindowsStandalone.Extensions.dll
Registered in 0.002305 seconds.
Native extension for WindowsStandalone target not found
Refreshing native plugins compatible for Editor in 136.63 ms, found 1 plugins.
Preloading 0 native plugins for Editor in 0.00 ms.
Invoked RoslynAnalysisRunner static constructor.
RoslynAnalysisRunner will not be running.
RoslynAnalysisRunner has terminated.
Mono: successfully reloaded assembly
- Completed reload, in  4.007 seconds
Platform modules already initialized, skipping
Registering precompiled user dll's ...
Registered in 0.019645 seconds.
Begin MonoManager ReloadAssembly
Symbol file LoadedFromMemory is not a mono symbol file
Native extension for WindowsStandalone target not found
Refreshing native plugins compatible for Editor in 124.30 ms, found 1 plugins.
Preloading 0 native plugins for Editor in 0.00 ms.
Invoked RoslynAnalysisRunner static constructor.
RoslynAnalysisRunner will not be running.
RoslynAnalysisRunner has terminated.
Mono: successfully reloaded assembly
- Completed reload, in  4.698 seconds
Platform modules already initialized, skipping
========================================================================
Worker process is ready to serve import requests
Shader 'Universal Render Pipeline/Particles/Lit': fallback shader 'Universal Render Pipeline/Particles/SimpleLit' not found
Launched and connected shader compiler UnityShaderCompiler.exe after 0.08 seconds
Refreshing native plugins compatible for Editor in 1.75 ms, found 1 plugins.
Preloading 0 native plugins for Editor in 0.00 ms.
Unloading 4616 Unused Serialized files (Serialized files now loaded: 0)
System memory in use before: 197.3 MB.
System memory in use after: 197.5 MB.

Unloading 47 unused Assets to reduce memory usage. Loaded Objects now: 5113.
Total: 28.184533 ms (FindLiveObjects: 0.457288 ms CreateObjectMapping: 0.228205 ms MarkObjects: 27.431162 ms  DeleteObjects: 0.064658 ms)

========================================================================
Received Import Request.
  path: Assets/Scripts/Pathfinding/PathfinderEditor.cs
  artifactKey: Guid(fb3b1b7a6a1335f4a890a8aa058ccf5e) Importer(815301076,1909f56bfc062723c751e8b465ee728b)
Start importing Assets/Scripts/Pathfinding/PathfinderEditor.cs using Guid(fb3b1b7a6a1335f4a890a8aa058ccf5e) Importer(815301076,1909f56bfc062723c751e8b465ee728b)  -> (artifact id: '392d336e14fd6cd2a6a4f2b6cc8bd89a') in 0.038098 seconds
  Import took 0.074524 seconds .

========================================================================
Received Prepare
Registering precompiled user dll's ...
Registered in 0.014887 seconds.
Begin MonoManager ReloadAssembly
Symbol file LoadedFromMemory is not a mono symbol file
Native extension for WindowsStandalone target not found
Refreshing native plugins compatible for Editor in 1.47 ms, found 1 plugins.
Preloading 0 native plugins for Editor in 0.00 ms.
Invoked RoslynAnalysisRunner static constructor.
RoslynAnalysisRunner will not be running.
RoslynAnalysisRunner has terminated.
Mono: successfully reloaded assembly
- Completed reload, in  7.659 seconds
Platform modules already initialized, skipping
Shader 'Universal Render Pipeline/Particles/Lit': fallback shader 'Universal Render Pipeline/Particles/SimpleLit' not found
Refreshing native plugins compatible for Editor in 9.78 ms, found 1 plugins.
Preloading 0 native plugins for Editor in 0.00 ms.
Unloading 4469 Unused Serialized files (Serialized files now loaded: 0)
System memory in use before: 190.1 MB.
System memory in use after: 190.4 MB.

Unloading 38 unused Assets to reduce memory usage. Loaded Objects now: 5117.
Total: 26.557545 ms (FindLiveObjects: 0.623176 ms CreateObjectMapping: 0.483912 ms MarkObjects: 25.400427 ms  DeleteObjects: 0.047104 ms)

========================================================================
Received Import Request.
  Time since last request: 192.738918 seconds.
  path: Assets/Scripts/Pathfinding/PathfinderEditor.cs
  artifactKey: Guid(fb3b1b7a6a1335f4a890a8aa058ccf5e) Importer(815301076,1909f56bfc062723c751e8b465ee728b)
Start importing Assets/Scripts/Pathfinding/PathfinderEditor.cs using Guid(fb3b1b7a6a1335f4a890a8aa058ccf5e) Importer(815301076,1909f56bfc062723c751e8b465ee728b)  -> (artifact id: '77d76faac7b263a8c41f669651e1c5ed') in 0.011148 seconds
  Import took 0.038806 seconds .

========================================================================
Received Prepare
Registering precompiled user dll's ...
Registered in 0.016139 seconds.
Begin MonoManager ReloadAssembly
Symbol file LoadedFromMemory is not a mono symbol file
Native extension for WindowsStandalone target not found
Refreshing native plugins compatible for Editor in 2.03 ms, found 1 plugins.
Preloading 0 native plugins for Editor in 0.00 ms.
Invoked RoslynAnalysisRunner static constructor.
RoslynAnalysisRunner will not be running.
RoslynAnalysisRunner has terminated.
Mono: successfully reloaded assembly
- Completed reload, in  9.815 seconds
Platform modules already initialized, skipping
Shader 'Universal Render Pipeline/Particles/Lit': fallback shader 'Universal Render Pipeline/Particles/SimpleLit' not found
Refreshing native plugins compatible for Editor in 1.55 ms, found 1 plugins.
Preloading 0 native plugins for Editor in 0.00 ms.
Unloading 4469 Unused Serialized files (Serialized files now loaded: 0)
System memory in use before: 190.2 MB.
System memory in use after: 190.5 MB.

Unloading 38 unused Assets to reduce memory usage. Loaded Objects now: 5121.
Total: 26.842217 ms (FindLiveObjects: 0.616447 ms CreateObjectMapping: 0.480987 ms MarkObjects: 25.699142 ms  DeleteObjects: 0.042715 ms)

========================================================================
Received Prepare
Registering precompiled user dll's ...
Registered in 0.014793 seconds.
Begin MonoManager ReloadAssembly
Symbol file LoadedFromMemory is not a mono symbol file
Native extension for WindowsStandalone target not found
Refreshing native plugins compatible for Editor in 1.38 ms, found 1 plugins.
Preloading 0 native plugins for Editor in 0.00 ms.
Invoked RoslynAnalysisRunner static constructor.
RoslynAnalysisRunner will not be running.
RoslynAnalysisRunner has terminated.
Mono: successfully reloaded assembly
- Completed reload, in  5.069 seconds
Platform modules already initialized, skipping
Shader 'Universal Render Pipeline/Particles/Lit': fallback shader 'Universal Render Pipeline/Particles/SimpleLit' not found
Refreshing native plugins compatible for Editor in 1.65 ms, found 1 plugins.
Preloading 0 native plugins for Editor in 0.00 ms.
Unloading 4469 Unused Serialized files (Serialized files now loaded: 0)
System memory in use before: 190.3 MB.
System memory in use after: 190.5 MB.

Unloading 38 unused Assets to reduce memory usage. Loaded Objects now: 5125.
Total: 32.597381 ms (FindLiveObjects: 0.668232 ms CreateObjectMapping: 0.536283 ms MarkObjects: 31.310946 ms  DeleteObjects: 0.077531 ms)

========================================================================
Received Prepare
Registering precompiled user dll's ...
Registered in 0.015661 seconds.
Begin MonoManager ReloadAssembly
Symbol file LoadedFromMemory is not a mono symbol file
Native extension for WindowsStandalone target not found
Refreshing native plugins compatible for Editor in 1.93 ms, found 1 plugins.
Preloading 0 native plugins for Editor in 0.00 ms.
Invoked RoslynAnalysisRunner static constructor.
RoslynAnalysisRunner will not be running.
RoslynAnalysisRunner has terminated.
Mono: successfully reloaded assembly
- Completed reload, in  9.281 seconds
Platform modules already initialized, skipping
Shader 'Universal Render Pipeline/Particles/Lit': fallback shader 'Universal Render Pipeline/Particles/SimpleLit' not found
Refreshing native plugins compatible for Editor in 2.44 ms, found 1 plugins.
Preloading 0 native plugins for Editor in 0.00 ms.
Unloading 4469 Unused Serialized files (Serialized files now loaded: 0)
System memory in use before: 190.3 MB.
System memory in use after: 190.5 MB.

Unloading 38 unused Assets to reduce memory usage. Loaded Objects now: 5129.
Total: 29.242177 ms (FindLiveObjects: 0.444415 ms CreateObjectMapping: 0.214162 ms MarkObjects: 28.398987 ms  DeleteObjects: 0.180516 ms)

========================================================================
Received Import Request.
  Time since last request: 553.922866 seconds.
  path: Assets/Scripts/Pathfinding/PathfinderEditor.cs
  artifactKey: Guid(fb3b1b7a6a1335f4a890a8aa058ccf5e) Importer(815301076,1909f56bfc062723c751e8b465ee728b)
Start importing Assets/Scripts/Pathfinding/PathfinderEditor.cs using Guid(fb3b1b7a6a1335f4a890a8aa058ccf5e) Importer(815301076,1909f56bfc062723c751e8b465ee728b)  -> (artifact id: '421988925474e6801e4ddbeb3372c293') in 0.015157 seconds
  Import took 0.041039 seconds .

========================================================================
Received Import Request.
  Time since last request: 0.004087 seconds.
  path: Assets/Scripts/Pathfinding/PathfinderEditor.cs
  artifactKey: Guid(fb3b1b7a6a1335f4a890a8aa058ccf5e) Importer(815301076,1909f56bfc062723c751e8b465ee728b)
Start importing Assets/Scripts/Pathfinding/PathfinderEditor.cs using Guid(fb3b1b7a6a1335f4a890a8aa058ccf5e) Importer(815301076,1909f56bfc062723c751e8b465ee728b)  -> (artifact id: '421988925474e6801e4ddbeb3372c293') in 0.005959 seconds
  Import took 0.018554 seconds .

========================================================================
Received Prepare
Registering precompiled user dll's ...
Registered in 0.022291 seconds.
Begin MonoManager ReloadAssembly
Symbol file LoadedFromMemory is not a mono symbol file
Native extension for WindowsStandalone target not found
Refreshing native plugins compatible for Editor in 1.43 ms, found 1 plugins.
Preloading 0 native plugins for Editor in 0.00 ms.
Invoked RoslynAnalysisRunner static constructor.
RoslynAnalysisRunner will not be running.
RoslynAnalysisRunner has terminated.
Mono: successfully reloaded assembly
- Completed reload, in  3.533 seconds
Platform modules already initialized, skipping
Shader 'Universal Render Pipeline/Particles/Lit': fallback shader 'Universal Render Pipeline/Particles/SimpleLit' not found
Refreshing native plugins compatible for Editor in 1.57 ms, found 1 plugins.
Preloading 0 native plugins for Editor in 0.00 ms.
Unloading 4469 Unused Serialized files (Serialized files now loaded: 0)
System memory in use before: 190.1 MB.
System memory in use after: 190.4 MB.

Unloading 38 unused Assets to reduce memory usage. Loaded Objects now: 5133.
Total: 27.330811 ms (FindLiveObjects: 0.627272 ms CreateObjectMapping: 0.495908 ms MarkObjects: 26.162282 ms  DeleteObjects: 0.043301 ms)

========================================================================
Received Prepare
Registering precompiled user dll's ...
Registered in 0.015643 seconds.
Begin MonoManager ReloadAssembly
Symbol file LoadedFromMemory is not a mono symbol file
Native extension for WindowsStandalone target not found
Refreshing native plugins compatible for Editor in 7.22 ms, found 1 plugins.
Preloading 0 native plugins for Editor in 0.00 ms.
Invoked RoslynAnalysisRunner static constructor.
RoslynAnalysisRunner will not be running.
RoslynAnalysisRunner has terminated.
Mono: successfully reloaded assembly
- Completed reload, in  5.340 seconds
Platform modules already initialized, skipping
Shader 'Universal Render Pipeline/Particles/Lit': fallback shader 'Universal Render Pipeline/Particles/SimpleLit' not found
Refreshing native plugins compatible for Editor in 1.56 ms, found 1 plugins.
Preloading 0 native plugins for Editor in 0.00 ms.
Unloading 4469 Unused Serialized files (Serialized files now loaded: 0)
System memory in use before: 190.3 MB.
System memory in use after: 190.6 MB.

Unloading 38 unused Assets to reduce memory usage. Loaded Objects now: 5137.
Total: 63.080936 ms (FindLiveObjects: 0.827683 ms CreateObjectMapping: 0.727331 ms MarkObjects: 61.470040 ms  DeleteObjects: 0.052663 ms)

========================================================================
Received Import Request.
  Time since last request: 100.842224 seconds.
  path: Assets/Scripts/Pathfinding/DynamicObstacle.cs
  artifactKey: Guid(07b7eba3b76cc8940aa3e8ab12be831a) Importer(815301076,1909f56bfc062723c751e8b465ee728b)
Start importing Assets/Scripts/Pathfinding/DynamicObstacle.cs using Guid(07b7eba3b76cc8940aa3e8ab12be831a) Importer(815301076,1909f56bfc062723c751e8b465ee728b)  -> (artifact id: '703af67129a432dd5e3db5c05e80ca83') in 0.027349 seconds
  Import took 0.039807 seconds .

========================================================================
Received Prepare
Registering precompiled user dll's ...
Registered in 0.014669 seconds.
Begin MonoManager ReloadAssembly
Symbol file LoadedFromMemory is not a mono symbol file
Native extension for WindowsStandalone target not found
Refreshing native plugins compatible for Editor in 1.50 ms, found 1 plugins.
Preloading 0 native plugins for Editor in 0.00 ms.
Invoked RoslynAnalysisRunner static constructor.
RoslynAnalysisRunner will not be running.
RoslynAnalysisRunner has terminated.
Mono: successfully reloaded assembly
- Completed reload, in  3.624 seconds
Platform modules already initialized, skipping
Shader 'Universal Render Pipeline/Particles/Lit': fallback shader 'Universal Render Pipeline/Particles/SimpleLit' not found
Refreshing native plugins compatible for Editor in 2.00 ms, found 1 plugins.
Preloading 0 native plugins for Editor in 0.00 ms.
Unloading 4468 Unused Serialized files (Serialized files now loaded: 0)
System memory in use before: 190.3 MB.
System memory in use after: 190.6 MB.

Unloading 38 unused Assets to reduce memory usage. Loaded Objects now: 5141.
Total: 101.013349 ms (FindLiveObjects: 0.693978 ms CreateObjectMapping: 0.431542 ms MarkObjects: 99.824926 ms  DeleteObjects: 0.059392 ms)

========================================================================
Received Prepare
Registering precompiled user dll's ...
Registered in 0.015395 seconds.
Begin MonoManager ReloadAssembly
Symbol file LoadedFromMemory is not a mono symbol file
Native extension for WindowsStandalone target not found
Refreshing native plugins compatible for Editor in 1.35 ms, found 1 plugins.
Preloading 0 native plugins for Editor in 0.00 ms.
Invoked RoslynAnalysisRunner static constructor.
RoslynAnalysisRunner will not be running.
RoslynAnalysisRunner has terminated.
Mono: successfully reloaded assembly
- Completed reload, in  6.214 seconds
Platform modules already initialized, skipping
Shader 'Universal Render Pipeline/Particles/Lit': fallback shader 'Universal Render Pipeline/Particles/SimpleLit' not found
Refreshing native plugins compatible for Editor in 2.80 ms, found 1 plugins.
Preloading 0 native plugins for Editor in 0.00 ms.
Unloading 4468 Unused Serialized files (Serialized files now loaded: 0)
System memory in use before: 190.3 MB.
System memory in use after: 190.6 MB.

Unloading 38 unused Assets to reduce memory usage. Loaded Objects now: 5145.
Total: 64.214064 ms (FindLiveObjects: 1.671751 ms CreateObjectMapping: 1.358700 ms MarkObjects: 61.025918 ms  DeleteObjects: 0.143360 ms)

========================================================================
Received Import Request.
  Time since last request: 1132.375227 seconds.
  path: Assets/Scripts/Pathfinding/MovementDemo.cs
  artifactKey: Guid(52714f5ed189860419f71e9ca94b68d6) Importer(815301076,1909f56bfc062723c751e8b465ee728b)
Start importing Assets/Scripts/Pathfinding/MovementDemo.cs using Guid(52714f5ed189860419f71e9ca94b68d6) Importer(815301076,1909f56bfc062723c751e8b465ee728b)  -> (artifact id: '8ca7803cf469bf7befa610b47569ffe2') in 0.161935 seconds
  Import took 0.236369 seconds .

========================================================================
Received Prepare
Registering precompiled user dll's ...
Registered in 0.015227 seconds.
Begin MonoManager ReloadAssembly
Symbol file LoadedFromMemory is not a mono symbol file
Native extension for WindowsStandalone target not found
Refreshing native plugins compatible for Editor in 1.36 ms, found 1 plugins.
Preloading 0 native plugins for Editor in 0.00 ms.
Invoked RoslynAnalysisRunner static constructor.
RoslynAnalysisRunner will not be running.
RoslynAnalysisRunner has terminated.
Mono: successfully reloaded assembly
- Completed reload, in  3.648 seconds
Platform modules already initialized, skipping
Shader 'Universal Render Pipeline/Particles/Lit': fallback shader 'Universal Render Pipeline/Particles/SimpleLit' not found
Refreshing native plugins compatible for Editor in 1.61 ms, found 1 plugins.
Preloading 0 native plugins for Editor in 0.00 ms.
Unloading 4469 Unused Serialized files (Serialized files now loaded: 0)
System memory in use before: 190.4 MB.
System memory in use after: 190.6 MB.

Unloading 38 unused Assets to reduce memory usage. Loaded Objects now: 5150.
Total: 27.620456 ms (FindLiveObjects: 0.450852 ms CreateObjectMapping: 0.212407 ms MarkObjects: 26.901316 ms  DeleteObjects: 0.052078 ms)

========================================================================
Received Prepare
Registering precompiled user dll's ...
Registered in 0.014998 seconds.
Begin MonoManager ReloadAssembly
Symbol file LoadedFromMemory is not a mono symbol file
Native extension for WindowsStandalone target not found
Refreshing native plugins compatible for Editor in 6.55 ms, found 1 plugins.
Preloading 0 native plugins for Editor in 0.00 ms.
Invoked RoslynAnalysisRunner static constructor.
RoslynAnalysisRunner will not be running.
RoslynAnalysisRunner has terminated.
Mono: successfully reloaded assembly
- Completed reload, in  5.937 seconds
Platform modules already initialized, skipping
Shader 'Universal Render Pipeline/Particles/Lit': fallback shader 'Universal Render Pipeline/Particles/SimpleLit' not found
Refreshing native plugins compatible for Editor in 9.43 ms, found 1 plugins.
Preloading 0 native plugins for Editor in 0.00 ms.
Unloading 4469 Unused Serialized files (Serialized files now loaded: 0)
System memory in use before: 190.2 MB.
System memory in use after: 190.4 MB.

Unloading 38 unused Assets to reduce memory usage. Loaded Objects now: 5154.
Total: 31.042366 ms (FindLiveObjects: 0.643071 ms CreateObjectMapping: 0.510244 ms MarkObjects: 29.830830 ms  DeleteObjects: 0.055003 ms)

========================================================================
Received Prepare
Registering precompiled user dll's ...
Registered in 0.014719 seconds.
Begin MonoManager ReloadAssembly
Symbol file LoadedFromMemory is not a mono symbol file
Native extension for WindowsStandalone target not found
Refreshing native plugins compatible for Editor in 5.78 ms, found 1 plugins.
Preloading 0 native plugins for Editor in 0.00 ms.
Invoked RoslynAnalysisRunner static constructor.
RoslynAnalysisRunner will not be running.
RoslynAnalysisRunner has terminated.
Mono: successfully reloaded assembly
- Completed reload, in  6.327 seconds
Platform modules already initialized, skipping
Shader 'Universal Render Pipeline/Particles/Lit': fallback shader 'Universal Render Pipeline/Particles/SimpleLit' not found
Refreshing native plugins compatible for Editor in 1.95 ms, found 1 plugins.
Preloading 0 native plugins for Editor in 0.00 ms.
Unloading 4469 Unused Serialized files (Serialized files now loaded: 0)
System memory in use before: 190.4 MB.
System memory in use after: 190.6 MB.

Unloading 38 unused Assets to reduce memory usage. Loaded Objects now: 5158.
Total: 61.859452 ms (FindLiveObjects: 2.067307 ms CreateObjectMapping: 0.646582 ms MarkObjects: 59.068910 ms  DeleteObjects: 0.070217 ms)

