Using pre-set license
Built from '2020.2/release' branch; Version is '2020.2.2f1 (068178b99f32) revision 426360'; Using compiler version '192528614'; Build Type 'Release'
OS: 'Windows 10 Pro; OS build 15063.1387; Version 1703; 64bit' Language: 'de' Physical Memory: 10102 MB
BatchMode: 1, IsHumanControllingUs: 0, StartBugReporterOnCrash: 0, Is64bit: 1, IsPro: 0

 COMMAND LINE ARGUMENTS:
C:\Program Files\Unity\Hub\Editor\2020.2.2f1\Editor\Unity.exe
-adb2
-batchMode
-noUpm
-name
AssetImportWorker0
-projectPath
E:/Github/Crystal Alchemist
-logFile
Logs/AssetImportWorker0.log
-srvPort
52516
Successfully changed project path to: E:/Github/Crystal Alchemist
E:/Github/Crystal Alchemist
Using Asset Import Pipeline V2.
Refreshing native plugins compatible for Editor in 167.43 ms, found 1 plugins.
Preloading 0 native plugins for Editor in 0.00 ms.
Initialize engine version: 2020.2.2f1 (068178b99f32)
[Subsystems] Discovering subsystems at path C:/Program Files/Unity/Hub/Editor/2020.2.2f1/Editor/Data/Resources/UnitySubsystems
[Subsystems] Discovering subsystems at path E:/Github/Crystal Alchemist/Assets
GfxDevice: creating device client; threaded=0
Direct3D:
    Version:  Direct3D 11.0 [level 11.1]
    Renderer: Intel(R) HD Graphics 4600 (ID=0x412)
    Vendor:   
    VRAM:     2048 MB
    Driver:   20.19.15.4549
Shader 'Universal Render Pipeline/Particles/Lit': fallback shader 'Universal Render Pipeline/Particles/SimpleLit' not found
Initialize mono
Mono path[0] = 'C:/Program Files/Unity/Hub/Editor/2020.2.2f1/Editor/Data/Managed'
Mono path[1] = 'C:/Program Files/Unity/Hub/Editor/2020.2.2f1/Editor/Data/MonoBleedingEdge/lib/mono/unityjit'
Mono config path = 'C:/Program Files/Unity/Hub/Editor/2020.2.2f1/Editor/Data/MonoBleedingEdge/etc'
Using monoOptions --debugger-agent=transport=dt_socket,embedding=1,server=y,suspend=n,address=127.0.0.1:56580
Begin MonoManager ReloadAssembly
Registering precompiled unity dll's ...
Register platform support module: C:/Program Files/Unity/Hub/Editor/2020.2.2f1/Editor/Data/PlaybackEngines/WindowsStandaloneSupport/UnityEditor.WindowsStandalone.Extensions.dll
Registered in 0.002307 seconds.
Native extension for WindowsStandalone target not found
Refreshing native plugins compatible for Editor in 136.57 ms, found 1 plugins.
Preloading 0 native plugins for Editor in 0.00 ms.
Invoked RoslynAnalysisRunner static constructor.
RoslynAnalysisRunner will not be running.
RoslynAnalysisRunner has terminated.
Mono: successfully reloaded assembly
- Completed reload, in  3.147 seconds
Platform modules already initialized, skipping
Registering precompiled user dll's ...
Registered in 0.015510 seconds.
Begin MonoManager ReloadAssembly
Symbol file LoadedFromMemory is not a mono symbol file
Native extension for WindowsStandalone target not found
Refreshing native plugins compatible for Editor in 125.74 ms, found 1 plugins.
Preloading 0 native plugins for Editor in 0.00 ms.
Invoked RoslynAnalysisRunner static constructor.
RoslynAnalysisRunner will not be running.
RoslynAnalysisRunner has terminated.
Mono: successfully reloaded assembly
- Completed reload, in  4.589 seconds
Platform modules already initialized, skipping
========================================================================
Worker process is ready to serve import requests
Shader 'Universal Render Pipeline/Particles/Lit': fallback shader 'Universal Render Pipeline/Particles/SimpleLit' not found
Launched and connected shader compiler UnityShaderCompiler.exe after 0.05 seconds
Refreshing native plugins compatible for Editor in 1.63 ms, found 1 plugins.
Preloading 0 native plugins for Editor in 0.00 ms.
Unloading 4615 Unused Serialized files (Serialized files now loaded: 0)
System memory in use before: 197.0 MB.
System memory in use after: 197.3 MB.

Unloading 47 unused Assets to reduce memory usage. Loaded Objects now: 5112.
Total: 24.475318 ms (FindLiveObjects: 0.535697 ms CreateObjectMapping: 0.256877 ms MarkObjects: 23.609015 ms  DeleteObjects: 0.071095 ms)

========================================================================
Received Import Request.
  path: Assets/Scenes/Menues/Pause.unity
  artifactKey: Guid(a613fbe2f2a167748b58f0204898e2ed) Importer(815301076,1909f56bfc062723c751e8b465ee728b)
Start importing Assets/Scenes/Menues/Pause.unity using Guid(a613fbe2f2a167748b58f0204898e2ed) Importer(815301076,1909f56bfc062723c751e8b465ee728b)  -> (artifact id: '51aa6bdbf7398ab2bd449629ebc6c2d0') in 0.023149 seconds
  Import took 0.045330 seconds .

========================================================================
Received Import Request.
  Time since last request: 81.397080 seconds.
  path: Packages/com.unity.render-pipelines.universal/Runtime/Materials/Lit.mat
  artifactKey: Guid(31321ba15b8f8eb4c954353edc038b1d) Importer(815301076,1909f56bfc062723c751e8b465ee728b)
Start importing Packages/com.unity.render-pipelines.universal/Runtime/Materials/Lit.mat using Guid(31321ba15b8f8eb4c954353edc038b1d) Importer(815301076,1909f56bfc062723c751e8b465ee728b)  -> (artifact id: '64b05247c0c374c25117f101b4e54de4') in 0.496233 seconds
  Import took 0.545151 seconds .

========================================================================
Received Import Request.
  Time since last request: 0.074280 seconds.
  path: Assets/Plugins/Photon/PhotonUnityNetworking/Demos/DemoProcedural/Materials/LightGreen.mat
  artifactKey: Guid(cd644746d7159df42b0c206b559af881) Importer(815301076,1909f56bfc062723c751e8b465ee728b)
Start importing Assets/Plugins/Photon/PhotonUnityNetworking/Demos/DemoProcedural/Materials/LightGreen.mat using Guid(cd644746d7159df42b0c206b559af881) Importer(815301076,1909f56bfc062723c751e8b465ee728b)  -> (artifact id: '2f527cf5eb6914b9fc4861c44156671d') in 0.115065 seconds
  Import took 0.208110 seconds .

========================================================================
Received Import Request.
  Time since last request: 0.000301 seconds.
  path: Assets/Plugins/TextMesh Pro/Resources/Fonts & Materials/LiberationSans SDF - Outline.mat
  artifactKey: Guid(79459efec17a4d00a321bdcc27bbc385) Importer(815301076,1909f56bfc062723c751e8b465ee728b)
Start importing Assets/Plugins/TextMesh Pro/Resources/Fonts & Materials/LiberationSans SDF - Outline.mat using Guid(79459efec17a4d00a321bdcc27bbc385) Importer(815301076,1909f56bfc062723c751e8b465ee728b)  -> (artifact id: '2cd73ec33496713907f4481d8eff16f4') in 0.166586 seconds
  Import took 0.217943 seconds .

========================================================================
Received Import Request.
  Time since last request: 0.000278 seconds.
  path: Packages/com.unity.searcher/Editor/Resources/FlatSkin/Font/Roboto-BlackItalic.ttf
  artifactKey: Guid(f95147a9bab9fe649b8070170fa7ebd2) Importer(815301076,1909f56bfc062723c751e8b465ee728b)
Start importing Packages/com.unity.searcher/Editor/Resources/FlatSkin/Font/Roboto-BlackItalic.ttf using Guid(f95147a9bab9fe649b8070170fa7ebd2) Importer(815301076,1909f56bfc062723c751e8b465ee728b)  -> (artifact id: '886278a4e123f7c01460aa4c174b44a0') in 0.140385 seconds
  Import took 0.175102 seconds .

========================================================================
Received Import Request.
  Time since last request: 0.000341 seconds.
  path: Packages/com.unity.progrids/Font/Asap-Medium-ProGrids.otf
  artifactKey: Guid(8c2220bd5fd560c4297e93c4c66a2ba8) Importer(815301076,1909f56bfc062723c751e8b465ee728b)
Start importing Packages/com.unity.progrids/Font/Asap-Medium-ProGrids.otf using Guid(8c2220bd5fd560c4297e93c4c66a2ba8) Importer(815301076,1909f56bfc062723c751e8b465ee728b)  -> (artifact id: '7716e9460c80a4d31aa5358aa6dcf44a') in 0.049643 seconds
  Import took 0.069838 seconds .

========================================================================
Received Import Request.
  Time since last request: 0.000310 seconds.
  path: Assets/Materials/Shaders/Final Shaders/Object Shader/Object Shader Unlit.mat
  artifactKey: Guid(1197dbf3c5278f947a95a75a9843c3c8) Importer(815301076,1909f56bfc062723c751e8b465ee728b)
Start importing Assets/Materials/Shaders/Final Shaders/Object Shader/Object Shader Unlit.mat using Guid(1197dbf3c5278f947a95a75a9843c3c8) Importer(815301076,1909f56bfc062723c751e8b465ee728b)  -> (artifact id: 'f65e066ea7fd34e0b5585d64581400d1') in 0.062069 seconds
  Import took 0.086719 seconds .

========================================================================
Received Import Request.
  Time since last request: 0.000274 seconds.
  path: Assets/Plugins/Photon/PhotonUnityNetworking/Demos/DemoProcedural/Materials/Orange.mat
  artifactKey: Guid(09adc4af150569a4cb996354c367b8c8) Importer(815301076,1909f56bfc062723c751e8b465ee728b)
Start importing Assets/Plugins/Photon/PhotonUnityNetworking/Demos/DemoProcedural/Materials/Orange.mat using Guid(09adc4af150569a4cb996354c367b8c8) Importer(815301076,1909f56bfc062723c751e8b465ee728b)  -> (artifact id: 'e6a7ada64ea7327b41258cd2e4e921ff') in 0.025280 seconds
  Import took 0.086460 seconds .

========================================================================
Received Import Request.
  Time since last request: 0.000819 seconds.
  path: Assets/Plugins/Photon/PhotonUnityNetworking/Demos/DemoSlotRacer/Kenney Assets/Stylized city/Materials/No Name.mat
  artifactKey: Guid(a773bd7a075f9534e9c9ed1eb6e9a30f) Importer(815301076,1909f56bfc062723c751e8b465ee728b)
Start importing Assets/Plugins/Photon/PhotonUnityNetworking/Demos/DemoSlotRacer/Kenney Assets/Stylized city/Materials/No Name.mat using Guid(a773bd7a075f9534e9c9ed1eb6e9a30f) Importer(815301076,1909f56bfc062723c751e8b465ee728b)  -> (artifact id: '4b8f0aaeaa0bcfd4cc0eba578f7e822f') in 0.034263 seconds
  Import took 0.054600 seconds .

========================================================================
Received Import Request.
  Time since last request: 0.000305 seconds.
  path: Assets/Plugins/TextMesh Pro/Resources/Fonts & Materials/LiberationSans SDF - Drop Shadow.mat
  artifactKey: Guid(e73a58f6e2794ae7b1b7e50b7fb811b0) Importer(815301076,1909f56bfc062723c751e8b465ee728b)
Start importing Assets/Plugins/TextMesh Pro/Resources/Fonts & Materials/LiberationSans SDF - Drop Shadow.mat using Guid(e73a58f6e2794ae7b1b7e50b7fb811b0) Importer(815301076,1909f56bfc062723c751e8b465ee728b)  -> (artifact id: '113216bbc3956e34fb3697dcd4d73be2') in 0.126491 seconds
  Import took 0.142653 seconds .

========================================================================
Received Import Request.
  Time since last request: 0.000952 seconds.
  path: Packages/com.unity.searcher/Editor/Resources/FlatSkin/Font/Roboto-Black.ttf
  artifactKey: Guid(1062c701058745940ae5dca6219c64c8) Importer(815301076,1909f56bfc062723c751e8b465ee728b)
Start importing Packages/com.unity.searcher/Editor/Resources/FlatSkin/Font/Roboto-Black.ttf using Guid(1062c701058745940ae5dca6219c64c8) Importer(815301076,1909f56bfc062723c751e8b465ee728b)  -> (artifact id: '17fa69997693248ef8d5e64671c6a363') in 0.061336 seconds
  Import took 0.092347 seconds .

========================================================================
Received Import Request.
  Time since last request: 0.000261 seconds.
  path: Assets/Materials/Shaders/Final Shaders/Object Shader/Object Shader.mat
  artifactKey: Guid(913c5b8c80375084d837afa00e46dfbf) Importer(815301076,1909f56bfc062723c751e8b465ee728b)
Start importing Assets/Materials/Shaders/Final Shaders/Object Shader/Object Shader.mat using Guid(913c5b8c80375084d837afa00e46dfbf) Importer(815301076,1909f56bfc062723c751e8b465ee728b)  -> (artifact id: '3cfcb2a0a553654f24a5ed78046989cf') in 0.035775 seconds
  Import took 0.046483 seconds .

========================================================================
Received Import Request.
  Time since last request: 0.000251 seconds.
  path: Assets/Plugins/Photon/PhotonUnityNetworking/Demos/DemoAsteroids/Materials/ParticleAfterburner.mat
  artifactKey: Guid(dc1a05fba9a6af241a25a35b4caf5e27) Importer(815301076,1909f56bfc062723c751e8b465ee728b)
Start importing Assets/Plugins/Photon/PhotonUnityNetworking/Demos/DemoAsteroids/Materials/ParticleAfterburner.mat using Guid(dc1a05fba9a6af241a25a35b4caf5e27) Importer(815301076,1909f56bfc062723c751e8b465ee728b)  -> (artifact id: 'c0bf15eff8c2e7949c295fd8b3031489') in 0.064170 seconds
  Import took 0.086801 seconds .

========================================================================
Received Import Request.
  Time since last request: 0.000251 seconds.
  path: Assets/Materials/Shaders/Experimental Shaders/Testing/Outline Material.mat
  artifactKey: Guid(e380a5cff63a36f4dbcb1c56316601b8) Importer(815301076,1909f56bfc062723c751e8b465ee728b)
Start importing Assets/Materials/Shaders/Experimental Shaders/Testing/Outline Material.mat using Guid(e380a5cff63a36f4dbcb1c56316601b8) Importer(815301076,1909f56bfc062723c751e8b465ee728b)  -> (artifact id: '3bab5810b18d46f0bdc706751c0b257b') in 0.560770 seconds
  Import took 0.589100 seconds .

========================================================================
Received Import Request.
  Time since last request: 0.000377 seconds.
  path: Packages/com.unity.render-pipelines.core/Runtime/Debugging/Prefabs/Fonts/Perfect DOS VGA 437.ttf
  artifactKey: Guid(74a5091d8707f334b9a5c31ef71a64ba) Importer(815301076,1909f56bfc062723c751e8b465ee728b)
Start importing Packages/com.unity.render-pipelines.core/Runtime/Debugging/Prefabs/Fonts/Perfect DOS VGA 437.ttf using Guid(74a5091d8707f334b9a5c31ef71a64ba) Importer(815301076,1909f56bfc062723c751e8b465ee728b)  -> (artifact id: '385e0bbf3decfbf88ae3b8e2ad8f0763') in 0.050990 seconds
  Import took 0.064236 seconds .

========================================================================
Received Import Request.
  Time since last request: 0.000327 seconds.
  path: Packages/com.unity.searcher/Editor/Resources/FlatSkin/Font/Roboto-BoldItalic.ttf
  artifactKey: Guid(dfb97a9307a577a41bcacba34b9a7e32) Importer(815301076,1909f56bfc062723c751e8b465ee728b)
Start importing Packages/com.unity.searcher/Editor/Resources/FlatSkin/Font/Roboto-BoldItalic.ttf using Guid(dfb97a9307a577a41bcacba34b9a7e32) Importer(815301076,1909f56bfc062723c751e8b465ee728b)  -> (artifact id: '6ac954068335ae4db5da3aee916dc5b5') in 0.072606 seconds
  Import took 0.094900 seconds .

AssetImportWorkerClient::OnTransportError - code=2 error=End of file
