Using pre-set license
Built from '2020.2/release' branch; Version is '2020.2.2f1 (068178b99f32) revision 426360'; Using compiler version '192528614'; Build Type 'Release'
OS: 'Windows 10 Pro; OS build 15063.1387; Version 1703; 64bit' Language: 'de' Physical Memory: 10102 MB
BatchMode: 1, IsHumanControllingUs: 0, StartBugReporterOnCrash: 0, Is64bit: 1, IsPro: 0

 COMMAND LINE ARGUMENTS:
C:\Program Files\Unity\Hub\Editor\2020.2.2f1\Editor\Unity.exe
-adb2
-batchMode
-noUpm
-name
AssetImportWorker2
-projectPath
E:/Github/Crystal Alchemist
-logFile
Logs/AssetImportWorker2.log
-srvPort
63922
Successfully changed project path to: E:/Github/Crystal Alchemist
E:/Github/Crystal Alchemist
Using Asset Import Pipeline V2.
Refreshing native plugins compatible for Editor in 143.93 ms, found 1 plugins.
Preloading 0 native plugins for Editor in 0.00 ms.
Initialize engine version: 2020.2.2f1 (068178b99f32)
[Subsystems] Discovering subsystems at path C:/Program Files/Unity/Hub/Editor/2020.2.2f1/Editor/Data/Resources/UnitySubsystems
[Subsystems] Discovering subsystems at path E:/Github/Crystal Alchemist/Assets
GfxDevice: creating device client; threaded=0
Direct3D:
    Version:  Direct3D 11.0 [level 11.1]
    Renderer: Intel(R) HD Graphics 4600 (ID=0x412)
    Vendor:   
    VRAM:     2048 MB
    Driver:   20.19.15.4549
Shader 'Universal Render Pipeline/Particles/Lit': fallback shader 'Universal Render Pipeline/Particles/SimpleLit' not found
Initialize mono
Mono path[0] = 'C:/Program Files/Unity/Hub/Editor/2020.2.2f1/Editor/Data/Managed'
Mono path[1] = 'C:/Program Files/Unity/Hub/Editor/2020.2.2f1/Editor/Data/MonoBleedingEdge/lib/mono/unityjit'
Mono config path = 'C:/Program Files/Unity/Hub/Editor/2020.2.2f1/Editor/Data/MonoBleedingEdge/etc'
Using monoOptions --debugger-agent=transport=dt_socket,embedding=1,server=y,suspend=n,address=127.0.0.1:56404
Begin MonoManager ReloadAssembly
Registering precompiled unity dll's ...
Register platform support module: C:/Program Files/Unity/Hub/Editor/2020.2.2f1/Editor/Data/PlaybackEngines/WindowsStandaloneSupport/UnityEditor.WindowsStandalone.Extensions.dll
Registered in 0.002230 seconds.
Native extension for WindowsStandalone target not found
Refreshing native plugins compatible for Editor in 120.50 ms, found 1 plugins.
Preloading 0 native plugins for Editor in 0.00 ms.
Invoked RoslynAnalysisRunner static constructor.
RoslynAnalysisRunner will not be running.
RoslynAnalysisRunner has terminated.
Mono: successfully reloaded assembly
- Completed reload, in  3.014 seconds
Platform modules already initialized, skipping
Registering precompiled user dll's ...
Registered in 0.016868 seconds.
Begin MonoManager ReloadAssembly
Symbol file LoadedFromMemory is not a mono symbol file
Native extension for WindowsStandalone target not found
Refreshing native plugins compatible for Editor in 137.79 ms, found 1 plugins.
Preloading 0 native plugins for Editor in 0.00 ms.
Invoked RoslynAnalysisRunner static constructor.
RoslynAnalysisRunner will not be running.
RoslynAnalysisRunner has terminated.
Mono: successfully reloaded assembly
- Completed reload, in  5.131 seconds
Platform modules already initialized, skipping
========================================================================
Worker process is ready to serve import requests
Shader 'Universal Render Pipeline/Particles/Lit': fallback shader 'Universal Render Pipeline/Particles/SimpleLit' not found
Launched and connected shader compiler UnityShaderCompiler.exe after 0.07 seconds
Refreshing native plugins compatible for Editor in 1.86 ms, found 1 plugins.
Preloading 0 native plugins for Editor in 0.00 ms.
Unloading 4611 Unused Serialized files (Serialized files now loaded: 0)
System memory in use before: 196.9 MB.
System memory in use after: 197.1 MB.

Unloading 47 unused Assets to reduce memory usage. Loaded Objects now: 5108.
Total: 26.291891 ms (FindLiveObjects: 0.599185 ms CreateObjectMapping: 0.486546 ms MarkObjects: 25.121315 ms  DeleteObjects: 0.082798 ms)

========================================================================
Received Import Request.
  path: Assets/Scenes/Menues/Minigame.unity
  artifactKey: Guid(f05bcdf6ab3976b4b9a7977c1a852828) Importer(815301076,1909f56bfc062723c751e8b465ee728b)
Start importing Assets/Scenes/Menues/Minigame.unity using Guid(f05bcdf6ab3976b4b9a7977c1a852828) Importer(815301076,1909f56bfc062723c751e8b465ee728b)  -> (artifact id: '71785c3b9cd0f8c1faae5d6cab7eb8f3') in 0.022551 seconds
  Import took 0.048515 seconds .

========================================================================
Received Import Request.
  Time since last request: 0.000342 seconds.
  path: Assets/Resources/Prefabs/MiniGames/Higher or Lower.prefab
  artifactKey: Guid(95451f4f668f99e47b6608907ec80d4b) Importer(815301076,1909f56bfc062723c751e8b465ee728b)
Start importing Assets/Resources/Prefabs/MiniGames/Higher or Lower.prefab using Guid(95451f4f668f99e47b6608907ec80d4b) Importer(815301076,1909f56bfc062723c751e8b465ee728b)  -> (artifact id: '86d4e9b4457e69df15263b3c48e2453e') in 0.458006 seconds
  Import took 1.948323 seconds .

========================================================================
Received Import Request.
  Time since last request: 0.000288 seconds.
  path: Assets/Scenes/Title Screen/Title Screen.unity
  artifactKey: Guid(ff05ecebd3b26564db5fa873a8131afc) Importer(815301076,1909f56bfc062723c751e8b465ee728b)
Start importing Assets/Scenes/Title Screen/Title Screen.unity using Guid(ff05ecebd3b26564db5fa873a8131afc) Importer(815301076,1909f56bfc062723c751e8b465ee728b)  -> (artifact id: '88a64ef8313edd62ddda54918e69f6d2') in 0.007880 seconds
  Import took 0.021025 seconds .

========================================================================
Received Import Request.
  Time since last request: 78.610287 seconds.
  path: Assets/Resources/Prefabs/Items/Consumeables/God Mode.prefab
  artifactKey: Guid(be598d298d244f64b847c95e0608323b) Importer(815301076,1909f56bfc062723c751e8b465ee728b)
Start importing Assets/Resources/Prefabs/Items/Consumeables/God Mode.prefab using Guid(be598d298d244f64b847c95e0608323b) Importer(815301076,1909f56bfc062723c751e8b465ee728b)  -> (artifact id: '5b591e86f7ca6d52b33f0ad9f2ba822c') in 0.339439 seconds
  Import took 0.351614 seconds .

========================================================================
Received Import Request.
  Time since last request: 11.898019 seconds.
  path: Assets/Resources/Scriptable Objects/StatusEffects/God Mode.asset
  artifactKey: Guid(5b49baf209ba3ee49867fd035d14ef5c) Importer(815301076,1909f56bfc062723c751e8b465ee728b)
Start importing Assets/Resources/Scriptable Objects/StatusEffects/God Mode.asset using Guid(5b49baf209ba3ee49867fd035d14ef5c) Importer(815301076,1909f56bfc062723c751e8b465ee728b)  -> (artifact id: '236312d66e45ef3bf751be80d2199df6') in 0.008920 seconds
  Import took 0.042786 seconds .

========================================================================
Received Import Request.
  Time since last request: 0.002552 seconds.
  path: Assets/Resources/Scriptable Objects/StatusEffects/God Mode.asset
  artifactKey: Guid(5b49baf209ba3ee49867fd035d14ef5c) Importer(815301076,1909f56bfc062723c751e8b465ee728b)
Start importing Assets/Resources/Scriptable Objects/StatusEffects/God Mode.asset using Guid(5b49baf209ba3ee49867fd035d14ef5c) Importer(815301076,1909f56bfc062723c751e8b465ee728b)  -> (artifact id: '236312d66e45ef3bf751be80d2199df6') in 0.007118 seconds
  Import took 0.020313 seconds .

========================================================================
Received Prepare
Shader 'Universal Render Pipeline/Particles/Lit': fallback shader 'Universal Render Pipeline/Particles/SimpleLit' not found
Refreshing native plugins compatible for Editor in 11.57 ms, found 1 plugins.
Preloading 0 native plugins for Editor in 0.00 ms.
Unloading 34 Unused Serialized files (Serialized files now loaded: 0)
System memory in use before: 117.1 MB.
System memory in use after: 117.6 MB.

Unloading 34 unused Assets to reduce memory usage. Loaded Objects now: 8033.
Total: 28.723156 ms (FindLiveObjects: 0.892927 ms CreateObjectMapping: 0.740497 ms MarkObjects: 27.045261 ms  DeleteObjects: 0.040375 ms)

========================================================================
Received Import Request.
  Time since last request: 799.640229 seconds.
  path: Assets/Resources/Scriptable Objects/StatusEffects/God Mode.asset
  artifactKey: Guid(5b49baf209ba3ee49867fd035d14ef5c) Importer(815301076,1909f56bfc062723c751e8b465ee728b)
Start importing Assets/Resources/Scriptable Objects/StatusEffects/God Mode.asset using Guid(5b49baf209ba3ee49867fd035d14ef5c) Importer(815301076,1909f56bfc062723c751e8b465ee728b)  -> (artifact id: '786856a044aa7c916279320eabec6347') in 0.036954 seconds
  Import took 0.073732 seconds .

========================================================================
Received Import Request.
  Time since last request: 0.006320 seconds.
  path: Assets/Resources/Scriptable Objects/StatusEffects/God Mode.asset
  artifactKey: Guid(5b49baf209ba3ee49867fd035d14ef5c) Importer(815301076,1909f56bfc062723c751e8b465ee728b)
Start importing Assets/Resources/Scriptable Objects/StatusEffects/God Mode.asset using Guid(5b49baf209ba3ee49867fd035d14ef5c) Importer(815301076,1909f56bfc062723c751e8b465ee728b)  -> (artifact id: '786856a044aa7c916279320eabec6347') in 0.007570 seconds
  Import took 0.025470 seconds .

========================================================================
Received Prepare
Shader 'Universal Render Pipeline/Particles/Lit': fallback shader 'Universal Render Pipeline/Particles/SimpleLit' not found
Refreshing native plugins compatible for Editor in 11.22 ms, found 1 plugins.
Preloading 0 native plugins for Editor in 0.00 ms.
Unloading 34 Unused Serialized files (Serialized files now loaded: 0)
System memory in use before: 117.0 MB.
System memory in use after: 117.5 MB.

Unloading 33 unused Assets to reduce memory usage. Loaded Objects now: 8033.
Total: 31.410420 ms (FindLiveObjects: 1.357237 ms CreateObjectMapping: 0.767414 ms MarkObjects: 29.239836 ms  DeleteObjects: 0.042423 ms)

========================================================================
Received Import Request.
  Time since last request: 68.864772 seconds.
  path: Assets/Resources/Scriptable Objects/StatusEffects/God Mode.asset
  artifactKey: Guid(5b49baf209ba3ee49867fd035d14ef5c) Importer(815301076,1909f56bfc062723c751e8b465ee728b)
Start importing Assets/Resources/Scriptable Objects/StatusEffects/God Mode.asset using Guid(5b49baf209ba3ee49867fd035d14ef5c) Importer(815301076,1909f56bfc062723c751e8b465ee728b)  -> (artifact id: 'fc99435028a8ecb24b0003433364de02') in 0.006983 seconds
  Import took 0.042666 seconds .

========================================================================
Received Prepare
Shader 'Universal Render Pipeline/Particles/Lit': fallback shader 'Universal Render Pipeline/Particles/SimpleLit' not found
Refreshing native plugins compatible for Editor in 11.67 ms, found 1 plugins.
Preloading 0 native plugins for Editor in 0.00 ms.
Unloading 34 Unused Serialized files (Serialized files now loaded: 0)
System memory in use before: 117.0 MB.
System memory in use after: 117.5 MB.

Unloading 33 unused Assets to reduce memory usage. Loaded Objects now: 8033.
Total: 28.312971 ms (FindLiveObjects: 0.877128 ms CreateObjectMapping: 0.758929 ms MarkObjects: 26.631273 ms  DeleteObjects: 0.041838 ms)

AssetImportWorkerClient::OnTransportError - code=2 error=End of file
