Using pre-set license
Built from '2021.3/staging' branch; Version is '2021.3.15f1 (e8e88683f834) revision 15263878'; Using compiler version '192829333'; Build Type 'Release'
OS: 'Windows 10  (10.0.19044) 64bit Core' Language: 'de' Physical Memory: 16305 MB
BatchMode: 1, IsHumanControllingUs: 0, StartBugReporterOnCrash: 0, Is64bit: 1, IsPro: 1

COMMAND LINE ARGUMENTS:
C:\Program Files\Unity\Hub\Editor\2021.3.15f1\Editor\Unity.exe
-adb2
-batchMode
-noUpm
-name
AssetImportWorker2
-projectPath
E:/Projekte/[Github] Repository/Crystal Alchemist/CrystalAlchemist/Crystal Alchemist
-logFile
Logs/AssetImportWorker2.log
-srvPort
65244
Successfully changed project path to: E:/Projekte/[Github] Repository/Crystal Alchemist/CrystalAlchemist/Crystal Alchemist
E:/Projekte/[Github] Repository/Crystal Alchemist/CrystalAlchemist/Crystal Alchemist
[UnityMemory] Configuration Parameters - Can be set up in boot.config
    "memorysetup-bucket-allocator-granularity=16"
    "memorysetup-bucket-allocator-bucket-count=8"
    "memorysetup-bucket-allocator-block-size=33554432"
    "memorysetup-bucket-allocator-block-count=8"
    "memorysetup-main-allocator-block-size=16777216"
    "memorysetup-thread-allocator-block-size=16777216"
    "memorysetup-gfx-main-allocator-block-size=16777216"
    "memorysetup-gfx-thread-allocator-block-size=16777216"
    "memorysetup-cache-allocator-block-size=4194304"
    "memorysetup-typetree-allocator-block-size=2097152"
    "memorysetup-profiler-bucket-allocator-granularity=16"
    "memorysetup-profiler-bucket-allocator-bucket-count=8"
    "memorysetup-profiler-bucket-allocator-block-size=33554432"
    "memorysetup-profiler-bucket-allocator-block-count=8"
    "memorysetup-profiler-allocator-block-size=16777216"
    "memorysetup-profiler-editor-allocator-block-size=1048576"
    "memorysetup-temp-allocator-size-main=16777216"
    "memorysetup-job-temp-allocator-block-size=2097152"
    "memorysetup-job-temp-allocator-block-size-background=1048576"
    "memorysetup-job-temp-allocator-reduction-small-platforms=262144"
    "memorysetup-temp-allocator-size-background-worker=32768"
    "memorysetup-temp-allocator-size-job-worker=262144"
    "memorysetup-temp-allocator-size-preload-manager=33554432"
    "memorysetup-temp-allocator-size-nav-mesh-worker=65536"
    "memorysetup-temp-allocator-size-audio-worker=65536"
    "memorysetup-temp-allocator-size-cloud-worker=32768"
    "memorysetup-temp-allocator-size-gi-baking-worker=262144"
    "memorysetup-temp-allocator-size-gfx=262144"
Player connection [18860] Host "[IP] 192.168.178.62 [Port] 0 [Flags] 2 [Guid] 3750021531 [EditorId] 3750021531 [Version] 1048832 [Id] WindowsEditor(7,DESKTOP-O4BM5D4) [Debug] 1 [PackageName] WindowsEditor [ProjectName] Editor" joined multi-casting on [225.0.0.222:54997]...

Player connection [18860] Host "[IP] 192.168.178.62 [Port] 0 [Flags] 2 [Guid] 3750021531 [EditorId] 3750021531 [Version] 1048832 [Id] WindowsEditor(7,DESKTOP-O4BM5D4) [Debug] 1 [PackageName] WindowsEditor [ProjectName] Editor" joined alternative multi-casting on [225.0.0.222:34997]...

Refreshing native plugins compatible for Editor in 87.31 ms, found 3 plugins.
Preloading 0 native plugins for Editor in 0.00 ms.
Initialize engine version: 2021.3.15f1 (e8e88683f834)
[Subsystems] Discovering subsystems at path C:/Program Files/Unity/Hub/Editor/2021.3.15f1/Editor/Data/Resources/UnitySubsystems
[Subsystems] Discovering subsystems at path E:/Projekte/[Github] Repository/Crystal Alchemist/CrystalAlchemist/Crystal Alchemist/Assets
GfxDevice: creating device client; threaded=0; jobified=0
Direct3D:
    Version:  Direct3D 11.0 [level 11.1]
    Renderer: NVIDIA GeForce RTX 3070 (ID=0x2488)
    Vendor:   NVIDIA
    VRAM:     8031 MB
    Driver:   31.0.15.2647
Initialize mono
Mono path[0] = 'C:/Program Files/Unity/Hub/Editor/2021.3.15f1/Editor/Data/Managed'
Mono path[1] = 'C:/Program Files/Unity/Hub/Editor/2021.3.15f1/Editor/Data/MonoBleedingEdge/lib/mono/unityjit-win32'
Mono config path = 'C:/Program Files/Unity/Hub/Editor/2021.3.15f1/Editor/Data/MonoBleedingEdge/etc'
Using monoOptions --debugger-agent=transport=dt_socket,embedding=1,server=y,suspend=n,address=127.0.0.1:56444
Begin MonoManager ReloadAssembly
Registering precompiled unity dll's ...
Register platform support module: C:/Program Files/Unity/Hub/Editor/2021.3.15f1/Editor/Data/PlaybackEngines/AndroidPlayer/UnityEditor.Android.Extensions.dll
Register platform support module: C:/Program Files/Unity/Hub/Editor/2021.3.15f1/Editor/Data/PlaybackEngines/WindowsStandaloneSupport/UnityEditor.WindowsStandalone.Extensions.dll
Registered in 0.007817 seconds.
Native extension for WindowsStandalone target not found
Native extension for Android target not found
Refreshing native plugins compatible for Editor in 77.45 ms, found 3 plugins.
Preloading 0 native plugins for Editor in 0.00 ms.
Mono: successfully reloaded assembly
- Completed reload, in  0.527 seconds
Domain Reload Profiling:
	ReloadAssembly (527ms)
		BeginReloadAssembly (65ms)
			ExecutionOrderSort (0ms)
			DisableScriptedObjects (0ms)
			BackupInstance (0ms)
			ReleaseScriptingObjects (0ms)
			CreateAndSetChildDomain (1ms)
		EndReloadAssembly (377ms)
			LoadAssemblies (63ms)
			RebuildTransferFunctionScriptingTraits (0ms)
			SetupTypeCache (71ms)
			ReleaseScriptCaches (0ms)
			RebuildScriptCaches (18ms)
			SetupLoadedEditorAssemblies (249ms)
				LogAssemblyErrors (0ms)
				InitializePlatformSupportModulesInManaged (43ms)
				SetLoadedEditorAssemblies (0ms)
				RefreshPlugins (78ms)
				BeforeProcessingInitializeOnLoad (1ms)
				ProcessInitializeOnLoadAttributes (69ms)
				ProcessInitializeOnLoadMethodAttributes (58ms)
				AfterProcessingInitializeOnLoad (0ms)
				EditorAssembliesLoaded (0ms)
			ExecutionOrderSort2 (0ms)
			AwakeInstancesAfterBackupRestoration (0ms)
Platform modules already initialized, skipping
Registering precompiled user dll's ...
Registered in 0.007170 seconds.
Begin MonoManager ReloadAssembly
Native extension for WindowsStandalone target not found
Native extension for Android target not found
Refreshing native plugins compatible for Editor in 77.75 ms, found 3 plugins.
Preloading 0 native plugins for Editor in 0.00 ms.
Mono: successfully reloaded assembly
- Completed reload, in  2.539 seconds
Domain Reload Profiling:
	ReloadAssembly (2540ms)
		BeginReloadAssembly (188ms)
			ExecutionOrderSort (0ms)
			DisableScriptedObjects (4ms)
			BackupInstance (0ms)
			ReleaseScriptingObjects (0ms)
			CreateAndSetChildDomain (119ms)
		EndReloadAssembly (2267ms)
			LoadAssemblies (73ms)
			RebuildTransferFunctionScriptingTraits (0ms)
			SetupTypeCache (201ms)
			ReleaseScriptCaches (1ms)
			RebuildScriptCaches (78ms)
			SetupLoadedEditorAssemblies (1885ms)
				LogAssemblyErrors (0ms)
				InitializePlatformSupportModulesInManaged (11ms)
				SetLoadedEditorAssemblies (0ms)
				RefreshPlugins (78ms)
				BeforeProcessingInitializeOnLoad (96ms)
				ProcessInitializeOnLoadAttributes (1603ms)
				ProcessInitializeOnLoadMethodAttributes (89ms)
				AfterProcessingInitializeOnLoad (9ms)
				EditorAssembliesLoaded (0ms)
			ExecutionOrderSort2 (0ms)
			AwakeInstancesAfterBackupRestoration (3ms)
Platform modules already initialized, skipping
========================================================================
Worker process is ready to serve import requests
Launched and connected shader compiler UnityShaderCompiler.exe after 0.04 seconds
Refreshing native plugins compatible for Editor in 1.69 ms, found 3 plugins.
Preloading 0 native plugins for Editor in 0.00 ms.
Unloading 5925 Unused Serialized files (Serialized files now loaded: 0)
Unloading 75 unused Assets / (1.5 MB). Loaded Objects now: 6419.
Memory consumption went from 251.8 MB to 250.3 MB.
Total: 20.732300 ms (FindLiveObjects: 0.324200 ms CreateObjectMapping: 0.225800 ms MarkObjects: 19.796800 ms  DeleteObjects: 0.384700 ms)

AssetImportParameters requested are different than current active one (requested -> active):
  custom:video-decoder-ogg-theora: a1e56fd34408186e4bbccfd4996cb3dc -> 
  custom:container-muxer-webm: aa71ff27fc2769a1b78a27578f13a17b -> 
  custom:container-demuxer-webm: 4f35f7cbe854078d1ac9338744f61a02 -> 
  custom:video-encoder-webm-vp8: eb34c28f22e8b96e1ab97ce403110664 -> 
  custom:audio-encoder-webm-vorbis: bf7c407c2cedff20999df2af8eb42d56 -> 
  custom:framework-win-MediaFoundation: 216162199b28c13a410421893ffa2e32 -> 
  custom:container-demuxer-ogg: 62fdf1f143b41e24485cea50d1cbac27 -> 
  custom:video-decoder-webm-vp8: 9c59270c3fd7afecdb556c50c9e8de78 -> 
  custom:audio-decoder-ogg-vorbis: bf7c407c2cedff20999df2af8eb42d56 -> 
========================================================================
Received Import Request.
  Time since last request: 2071947.400511 seconds.
  path: Packages/com.unity.collab-proxy/Editor/PlasticSCM/Assets/Images/d_secondarytabclose.png
  artifactKey: Guid(6975ee4c1f40caf4da8dd733ee2cfeaf) Importer(815301076,1909f56bfc062723c751e8b465ee728b)
Start importing Packages/com.unity.collab-proxy/Editor/PlasticSCM/Assets/Images/d_secondarytabclose.png using Guid(6975ee4c1f40caf4da8dd733ee2cfeaf) Importer(815301076,1909f56bfc062723c751e8b465ee728b)  -> (artifact id: 'a691c5c9158267be864b7a33426c175f') in 0.174542 seconds 
========================================================================
Received Import Request.
  Time since last request: 155.389242 seconds.
  path: Assets/Scenes/Menues/Pause.unity
  artifactKey: Guid(a613fbe2f2a167748b58f0204898e2ed) Importer(815301076,1909f56bfc062723c751e8b465ee728b)
Start importing Assets/Scenes/Menues/Pause.unity using Guid(a613fbe2f2a167748b58f0204898e2ed) Importer(815301076,1909f56bfc062723c751e8b465ee728b)  -> (artifact id: '8bf5011f1f97403402f6aeb2c04c13cb') in 0.001849 seconds 
========================================================================
Received Prepare
Registering precompiled user dll's ...
Registered in 0.007144 seconds.
Begin MonoManager ReloadAssembly
Native extension for WindowsStandalone target not found
Native extension for Android target not found
Refreshing native plugins compatible for Editor in 2.09 ms, found 3 plugins.
Preloading 0 native plugins for Editor in 0.00 ms.
Mono: successfully reloaded assembly
- Completed reload, in  2.476 seconds
Domain Reload Profiling:
	ReloadAssembly (2477ms)
		BeginReloadAssembly (148ms)
			ExecutionOrderSort (0ms)
			DisableScriptedObjects (5ms)
			BackupInstance (0ms)
			ReleaseScriptingObjects (0ms)
			CreateAndSetChildDomain (73ms)
		EndReloadAssembly (2256ms)
			LoadAssemblies (77ms)
			RebuildTransferFunctionScriptingTraits (0ms)
			SetupTypeCache (215ms)
			ReleaseScriptCaches (2ms)
			RebuildScriptCaches (51ms)
			SetupLoadedEditorAssemblies (1864ms)
				LogAssemblyErrors (0ms)
				InitializePlatformSupportModulesInManaged (19ms)
				SetLoadedEditorAssemblies (1ms)
				RefreshPlugins (2ms)
				BeforeProcessingInitializeOnLoad (95ms)
				ProcessInitializeOnLoadAttributes (1670ms)
				ProcessInitializeOnLoadMethodAttributes (66ms)
				AfterProcessingInitializeOnLoad (11ms)
				EditorAssembliesLoaded (0ms)
			ExecutionOrderSort2 (0ms)
			AwakeInstancesAfterBackupRestoration (12ms)
Platform modules already initialized, skipping
Refreshing native plugins compatible for Editor in 3.39 ms, found 3 plugins.
Preloading 0 native plugins for Editor in 0.00 ms.
Unloading 5758 Unused Serialized files (Serialized files now loaded: 0)
Unloading 51 unused Assets / (1.5 MB). Loaded Objects now: 6440.
Memory consumption went from 253.1 MB to 251.6 MB.
Total: 23.043100 ms (FindLiveObjects: 0.323500 ms CreateObjectMapping: 0.212200 ms MarkObjects: 22.100300 ms  DeleteObjects: 0.406200 ms)

AssetImportParameters requested are different than current active one (requested -> active):
  custom:video-decoder-ogg-theora: a1e56fd34408186e4bbccfd4996cb3dc -> 
  custom:container-muxer-webm: aa71ff27fc2769a1b78a27578f13a17b -> 
  custom:container-demuxer-webm: 4f35f7cbe854078d1ac9338744f61a02 -> 
  custom:video-encoder-webm-vp8: eb34c28f22e8b96e1ab97ce403110664 -> 
  custom:audio-encoder-webm-vorbis: bf7c407c2cedff20999df2af8eb42d56 -> 
  custom:framework-win-MediaFoundation: 216162199b28c13a410421893ffa2e32 -> 
  custom:container-demuxer-ogg: 62fdf1f143b41e24485cea50d1cbac27 -> 
  custom:video-decoder-webm-vp8: 9c59270c3fd7afecdb556c50c9e8de78 -> 
  custom:audio-decoder-ogg-vorbis: bf7c407c2cedff20999df2af8eb42d56 -> 
========================================================================
Received Import Request.
  Time since last request: 761.243512 seconds.
  path: Assets/Resources/Scriptable Objects/Player/PlayerInventory.asset
  artifactKey: Guid(4586d542d68e26b4c9bdeb4999793087) Importer(815301076,1909f56bfc062723c751e8b465ee728b)
Start importing Assets/Resources/Scriptable Objects/Player/PlayerInventory.asset using Guid(4586d542d68e26b4c9bdeb4999793087) Importer(815301076,1909f56bfc062723c751e8b465ee728b)  -> (artifact id: 'a6bf721ed4b4f5ed1a9b86b57e7b2cd4') in 0.026301 seconds 
========================================================================
Received Import Request.
  Time since last request: 13.241262 seconds.
  path: Assets/Resources/Scriptable Objects/Items/Item Stats/Key Items/Amulette.asset
  artifactKey: Guid(f5f1d8fb7036306438726fe584720f82) Importer(815301076,1909f56bfc062723c751e8b465ee728b)
Start importing Assets/Resources/Scriptable Objects/Items/Item Stats/Key Items/Amulette.asset using Guid(f5f1d8fb7036306438726fe584720f82) Importer(815301076,1909f56bfc062723c751e8b465ee728b)  -> (artifact id: 'd5f90d61a651f8706548e87d7e4e16a9') in 0.003233 seconds 
========================================================================
Received Import Request.
  Time since last request: 0.000021 seconds.
  path: Assets/Resources/Scriptable Objects/Items/Item Stats/Inventory Items/Arrows.asset
  artifactKey: Guid(fa9d7ec8183e41345babd842fbfb2c36) Importer(815301076,1909f56bfc062723c751e8b465ee728b)
Start importing Assets/Resources/Scriptable Objects/Items/Item Stats/Inventory Items/Arrows.asset using Guid(fa9d7ec8183e41345babd842fbfb2c36) Importer(815301076,1909f56bfc062723c751e8b465ee728b)  -> (artifact id: 'b0b9a920d3118513d0fc8361b2d49839') in 0.002204 seconds 
========================================================================
Received Import Request.
  Time since last request: 0.000021 seconds.
  path: Assets/Resources/Scriptable Objects/Items/Item Stats/Currencies/Coins.asset
  artifactKey: Guid(63cea506e5af52243ae077e25f6935a1) Importer(815301076,1909f56bfc062723c751e8b465ee728b)
Start importing Assets/Resources/Scriptable Objects/Items/Item Stats/Currencies/Coins.asset using Guid(63cea506e5af52243ae077e25f6935a1) Importer(815301076,1909f56bfc062723c751e8b465ee728b)  -> (artifact id: 'efbfa74c42e17361b79ca7deb06cbe01') in 0.002828 seconds 
========================================================================
Received Import Request.
  Time since last request: 0.000014 seconds.
  path: Assets/Resources/Scriptable Objects/Items/Item Stats/Crafting Items/Dynamite.asset
  artifactKey: Guid(c065d338afe7521469dbc151c24686d8) Importer(815301076,1909f56bfc062723c751e8b465ee728b)
Start importing Assets/Resources/Scriptable Objects/Items/Item Stats/Crafting Items/Dynamite.asset using Guid(c065d338afe7521469dbc151c24686d8) Importer(815301076,1909f56bfc062723c751e8b465ee728b)  -> (artifact id: 'a6c6188eff3c92defcc7763eae074068') in 0.002310 seconds 
========================================================================
Received Import Request.
  Time since last request: 0.000015 seconds.
  path: Assets/Resources/Scriptable Objects/Items/Item Stats/Abilities/Frostspitze.asset
  artifactKey: Guid(3935cd21e870fe84795a9889f8d75f01) Importer(815301076,1909f56bfc062723c751e8b465ee728b)
Start importing Assets/Resources/Scriptable Objects/Items/Item Stats/Abilities/Frostspitze.asset using Guid(3935cd21e870fe84795a9889f8d75f01) Importer(815301076,1909f56bfc062723c751e8b465ee728b)  -> (artifact id: '7c6df738f57736913c5a7ce4bde008a4') in 0.012660 seconds 
========================================================================
Received Import Request.
  Time since last request: 0.000013 seconds.
  path: Assets/Resources/Scriptable Objects/Items/Item Stats/Inventory Items/Health Potion.asset
  artifactKey: Guid(9a2ba412c4752bb43909c36b54955e79) Importer(815301076,1909f56bfc062723c751e8b465ee728b)
Start importing Assets/Resources/Scriptable Objects/Items/Item Stats/Inventory Items/Health Potion.asset using Guid(9a2ba412c4752bb43909c36b54955e79) Importer(815301076,1909f56bfc062723c751e8b465ee728b)  -> (artifact id: '36a6341329e5421fbc571660cb5679e4') in 0.004363 seconds 
========================================================================
Received Import Request.
  Time since last request: 0.000017 seconds.
  path: Assets/Resources/Scriptable Objects/Items/Item Stats/Abilities/Schwert.asset
  artifactKey: Guid(be3abace98053644490da37dc433447b) Importer(815301076,1909f56bfc062723c751e8b465ee728b)
Start importing Assets/Resources/Scriptable Objects/Items/Item Stats/Abilities/Schwert.asset using Guid(be3abace98053644490da37dc433447b) Importer(815301076,1909f56bfc062723c751e8b465ee728b)  -> (artifact id: '4f420b207df86fcb2d5775c30668f31c') in 0.003339 seconds 
========================================================================
Received Import Request.
  Time since last request: 0.000018 seconds.
  path: Assets/Resources/Scriptable Objects/Items/Item Stats/Abilities/Teleport.asset
  artifactKey: Guid(721ac758117fc9c4eb52f657d3a9fe8a) Importer(815301076,1909f56bfc062723c751e8b465ee728b)
Start importing Assets/Resources/Scriptable Objects/Items/Item Stats/Abilities/Teleport.asset using Guid(721ac758117fc9c4eb52f657d3a9fe8a) Importer(815301076,1909f56bfc062723c751e8b465ee728b)  -> (artifact id: '10309f9af67e190a8e1858f34f7e7570') in 0.096429 seconds 
========================================================================
Received Import Request.
  Time since last request: 0.000018 seconds.
  path: Assets/Resources/Scriptable Objects/Items/Item Stats/Crafting Items/Wind Elemental.asset
  artifactKey: Guid(5b6e730033e01b94dab1a93a0e58caa0) Importer(815301076,1909f56bfc062723c751e8b465ee728b)
Start importing Assets/Resources/Scriptable Objects/Items/Item Stats/Crafting Items/Wind Elemental.asset using Guid(5b6e730033e01b94dab1a93a0e58caa0) Importer(815301076,1909f56bfc062723c751e8b465ee728b)  -> (artifact id: '71cefb0090f1c1d2b862e3b056d02bc1') in 0.002852 seconds 
========================================================================
Received Import Request.
  Time since last request: 0.000025 seconds.
  path: Assets/Resources/Scriptable Objects/Items/Item Stats/Abilities/Stromschlag.asset
  artifactKey: Guid(0da81f19cacdb524fa0371b86376c293) Importer(815301076,1909f56bfc062723c751e8b465ee728b)
Start importing Assets/Resources/Scriptable Objects/Items/Item Stats/Abilities/Stromschlag.asset using Guid(0da81f19cacdb524fa0371b86376c293) Importer(815301076,1909f56bfc062723c751e8b465ee728b)  -> (artifact id: 'eb832558f2cc78570b3768530463a875') in 0.004825 seconds 
========================================================================
Received Import Request.
  Time since last request: 0.000017 seconds.
  path: Assets/Resources/Scriptable Objects/Items/Item Stats/Crafting Items/Leather.asset
  artifactKey: Guid(7db5d2fc6e570e843a1f32b57f2fff74) Importer(815301076,1909f56bfc062723c751e8b465ee728b)
Start importing Assets/Resources/Scriptable Objects/Items/Item Stats/Crafting Items/Leather.asset using Guid(7db5d2fc6e570e843a1f32b57f2fff74) Importer(815301076,1909f56bfc062723c751e8b465ee728b)  -> (artifact id: 'b8d6f02db118ef885b830c32c74ea255') in 0.003100 seconds 
========================================================================
Received Import Request.
  Time since last request: 0.000018 seconds.
  path: Assets/Resources/Scriptable Objects/Items/Item Stats/Crafting Items/Berry.asset
  artifactKey: Guid(172ab42c2b2a1af4691e9e9ff7624535) Importer(815301076,1909f56bfc062723c751e8b465ee728b)
Start importing Assets/Resources/Scriptable Objects/Items/Item Stats/Crafting Items/Berry.asset using Guid(172ab42c2b2a1af4691e9e9ff7624535) Importer(815301076,1909f56bfc062723c751e8b465ee728b)  -> (artifact id: 'cdf694438c60647e64ae1c07e3791d9d') in 0.002638 seconds 
========================================================================
Received Import Request.
  Time since last request: 0.000012 seconds.
  path: Assets/Resources/Scriptable Objects/Items/Item Stats/Crafting Items/Time Elemental.asset
  artifactKey: Guid(85f57a7bd708fe04a87eaedabf185c91) Importer(815301076,1909f56bfc062723c751e8b465ee728b)
Start importing Assets/Resources/Scriptable Objects/Items/Item Stats/Crafting Items/Time Elemental.asset using Guid(85f57a7bd708fe04a87eaedabf185c91) Importer(815301076,1909f56bfc062723c751e8b465ee728b)  -> (artifact id: '4edc971bfc93985ff35eb30d461f1240') in 0.003006 seconds 
========================================================================
Received Import Request.
  Time since last request: 0.000014 seconds.
  path: Assets/Resources/Scriptable Objects/Items/Item Stats/Abilities/Mana Elixier.asset
  artifactKey: Guid(3d575d0e27a7d1f4d97cea4f3efbc5b0) Importer(815301076,1909f56bfc062723c751e8b465ee728b)
Start importing Assets/Resources/Scriptable Objects/Items/Item Stats/Abilities/Mana Elixier.asset using Guid(3d575d0e27a7d1f4d97cea4f3efbc5b0) Importer(815301076,1909f56bfc062723c751e8b465ee728b)  -> (artifact id: '941f618ad4fd016492e911afa3a18918') in 0.003868 seconds 
========================================================================
Received Import Request.
  Time since last request: 0.000013 seconds.
  path: Assets/Resources/Scriptable Objects/Items/Item Stats/Crafting Items/Light Elemental.asset
  artifactKey: Guid(05f61fee0b9f7df4c8a5e3d21a0668f1) Importer(815301076,1909f56bfc062723c751e8b465ee728b)
Start importing Assets/Resources/Scriptable Objects/Items/Item Stats/Crafting Items/Light Elemental.asset using Guid(05f61fee0b9f7df4c8a5e3d21a0668f1) Importer(815301076,1909f56bfc062723c751e8b465ee728b)  -> (artifact id: '6b3900df6ff3c50d71b5d9ff21601c4b') in 0.002624 seconds 
========================================================================
Received Import Request.
  Time since last request: 0.000014 seconds.
  path: Assets/Resources/Scriptable Objects/Items/Item Stats/Crafting Items/Silver.asset
  artifactKey: Guid(8d368e02f726242499fe5b39caf94235) Importer(815301076,1909f56bfc062723c751e8b465ee728b)
Start importing Assets/Resources/Scriptable Objects/Items/Item Stats/Crafting Items/Silver.asset using Guid(8d368e02f726242499fe5b39caf94235) Importer(815301076,1909f56bfc062723c751e8b465ee728b)  -> (artifact id: 'cf0ed4bd2feffa27fd8a325ded04c05c') in 0.002370 seconds 
========================================================================
Received Import Request.
  Time since last request: 0.000013 seconds.
  path: Assets/Resources/Scriptable Objects/Items/Item Stats/Abilities/Dash.asset
  artifactKey: Guid(7669a1c1397fcf541815bcfdd901b011) Importer(815301076,1909f56bfc062723c751e8b465ee728b)
Start importing Assets/Resources/Scriptable Objects/Items/Item Stats/Abilities/Dash.asset using Guid(7669a1c1397fcf541815bcfdd901b011) Importer(815301076,1909f56bfc062723c751e8b465ee728b)  -> (artifact id: '93ee58dd3595bdcce32f380af3f0834f') in 0.005290 seconds 
========================================================================
Received Import Request.
  Time since last request: 0.000022 seconds.
  path: Assets/Resources/Scriptable Objects/Items/Item Stats/Currencies/Small Key.asset
  artifactKey: Guid(678f538031a27414b8bcf3942b5681d1) Importer(815301076,1909f56bfc062723c751e8b465ee728b)
Start importing Assets/Resources/Scriptable Objects/Items/Item Stats/Currencies/Small Key.asset using Guid(678f538031a27414b8bcf3942b5681d1) Importer(815301076,1909f56bfc062723c751e8b465ee728b)  -> (artifact id: '36ce7494e3527a7e00789cb334899ed3') in 0.002582 seconds 
========================================================================
Received Import Request.
  Time since last request: 0.000013 seconds.
  path: Assets/Resources/Scriptable Objects/Items/Item Stats/Crafting Items/Darkness Elemental.asset
  artifactKey: Guid(ff1dfe8da685a1648bf9ba5f1263f0c2) Importer(815301076,1909f56bfc062723c751e8b465ee728b)
Start importing Assets/Resources/Scriptable Objects/Items/Item Stats/Crafting Items/Darkness Elemental.asset using Guid(ff1dfe8da685a1648bf9ba5f1263f0c2) Importer(815301076,1909f56bfc062723c751e8b465ee728b)  -> (artifact id: '8d24ad143d6d87297da3b9be18e7d28f') in 0.003680 seconds 
========================================================================
Received Import Request.
  Time since last request: 0.000013 seconds.
  path: Assets/Resources/Scriptable Objects/Items/Item Stats/Abilities/Bombe.asset
  artifactKey: Guid(bae5711dac1097a4abb175e6704794e2) Importer(815301076,1909f56bfc062723c751e8b465ee728b)
Start importing Assets/Resources/Scriptable Objects/Items/Item Stats/Abilities/Bombe.asset using Guid(bae5711dac1097a4abb175e6704794e2) Importer(815301076,1909f56bfc062723c751e8b465ee728b)  -> (artifact id: '67439698b61b88246ebade8551ecfd1d') in 0.005338 seconds 
========================================================================
Received Import Request.
  Time since last request: 0.000014 seconds.
  path: Assets/Resources/Scriptable Objects/Items/Item Stats/Abilities/Bogen.asset
  artifactKey: Guid(841eda4f2beb64944966f34b112cb0d7) Importer(815301076,1909f56bfc062723c751e8b465ee728b)
Start importing Assets/Resources/Scriptable Objects/Items/Item Stats/Abilities/Bogen.asset using Guid(841eda4f2beb64944966f34b112cb0d7) Importer(815301076,1909f56bfc062723c751e8b465ee728b)  -> (artifact id: 'c269a8a63eca55b8e911ee30d173bf61') in 0.007073 seconds 
========================================================================
Received Import Request.
  Time since last request: 0.000016 seconds.
  path: Assets/Resources/Scriptable Objects/Items/Item Stats/Inventory Items/Anti Potion.asset
  artifactKey: Guid(2cec48297045efb489957c42447333ba) Importer(815301076,1909f56bfc062723c751e8b465ee728b)
Start importing Assets/Resources/Scriptable Objects/Items/Item Stats/Inventory Items/Anti Potion.asset using Guid(2cec48297045efb489957c42447333ba) Importer(815301076,1909f56bfc062723c751e8b465ee728b)  -> (artifact id: '8e2c379387b783ee302277e5334cd3e4') in 0.004504 seconds 
========================================================================
Received Import Request.
  Time since last request: 0.000018 seconds.
  path: Assets/Resources/Scriptable Objects/Items/Item Stats/Crafting Items/Iron.asset
  artifactKey: Guid(146e32f12ea779445807134d09206702) Importer(815301076,1909f56bfc062723c751e8b465ee728b)
Start importing Assets/Resources/Scriptable Objects/Items/Item Stats/Crafting Items/Iron.asset using Guid(146e32f12ea779445807134d09206702) Importer(815301076,1909f56bfc062723c751e8b465ee728b)  -> (artifact id: 'ef5e6acb0d4130e92f061304cc79f5d3') in 0.002353 seconds 
========================================================================
Received Import Request.
  Time since last request: 0.000018 seconds.
  path: Assets/Resources/Scriptable Objects/Items/Item Stats/Key Items/Map.asset
  artifactKey: Guid(1aeb00549b1ae52478652164d88ab28b) Importer(815301076,1909f56bfc062723c751e8b465ee728b)
Start importing Assets/Resources/Scriptable Objects/Items/Item Stats/Key Items/Map.asset using Guid(1aeb00549b1ae52478652164d88ab28b) Importer(815301076,1909f56bfc062723c751e8b465ee728b)  -> (artifact id: '610a969bf1e9d2f13d085fc968c490f4') in 0.002281 seconds 
========================================================================
Received Import Request.
  Time since last request: 0.000013 seconds.
  path: Assets/Resources/Scriptable Objects/Items/Item Stats/Abilities/Lebenselixier.asset
  artifactKey: Guid(26daecb256eb5364e9927319445c8e78) Importer(815301076,1909f56bfc062723c751e8b465ee728b)
Start importing Assets/Resources/Scriptable Objects/Items/Item Stats/Abilities/Lebenselixier.asset using Guid(26daecb256eb5364e9927319445c8e78) Importer(815301076,1909f56bfc062723c751e8b465ee728b)  -> (artifact id: 'ff8410f3042bc22a34e65c2c5fe1000e') in 0.003858 seconds 
========================================================================
Received Import Request.
  Time since last request: 0.000017 seconds.
  path: Assets/Resources/Scriptable Objects/Items/Item Stats/Abilities/Laser.asset
  artifactKey: Guid(46fb10b6dd5c22a4f8261caeb4617704) Importer(815301076,1909f56bfc062723c751e8b465ee728b)
Start importing Assets/Resources/Scriptable Objects/Items/Item Stats/Abilities/Laser.asset using Guid(46fb10b6dd5c22a4f8261caeb4617704) Importer(815301076,1909f56bfc062723c751e8b465ee728b)  -> (artifact id: '4c869bd56b81487a37eeeafabece8106') in 0.006509 seconds 
========================================================================
Received Import Request.
  Time since last request: 0.000013 seconds.
  path: Assets/Resources/Scriptable Objects/Items/Item Stats/Inventory Items/Mana Potion.asset
  artifactKey: Guid(7ed9dd99c9127d84f94cc8423e7efd87) Importer(815301076,1909f56bfc062723c751e8b465ee728b)
Start importing Assets/Resources/Scriptable Objects/Items/Item Stats/Inventory Items/Mana Potion.asset using Guid(7ed9dd99c9127d84f94cc8423e7efd87) Importer(815301076,1909f56bfc062723c751e8b465ee728b)  -> (artifact id: '581e67ffd5e5170cc69e8ee2e9f75546') in 0.003462 seconds 
========================================================================
Received Import Request.
  Time since last request: 0.000018 seconds.
  path: Assets/Resources/Scriptable Objects/Items/Item Stats/Currencies/Crystal Green.asset
  artifactKey: Guid(0f78020234d850f42ab3ad2cd5fa7d25) Importer(815301076,1909f56bfc062723c751e8b465ee728b)
Start importing Assets/Resources/Scriptable Objects/Items/Item Stats/Currencies/Crystal Green.asset using Guid(0f78020234d850f42ab3ad2cd5fa7d25) Importer(815301076,1909f56bfc062723c751e8b465ee728b)  -> (artifact id: '1e885218df000f0ef774197d8ac09486') in 0.002969 seconds 
========================================================================
Received Import Request.
  Time since last request: 0.000020 seconds.
  path: Assets/Resources/Scriptable Objects/Items/Item Stats/Crafting Items/Silk.asset
  artifactKey: Guid(75a7e5b9264c96b45b39db85cb452906) Importer(815301076,1909f56bfc062723c751e8b465ee728b)
Start importing Assets/Resources/Scriptable Objects/Items/Item Stats/Crafting Items/Silk.asset using Guid(75a7e5b9264c96b45b39db85cb452906) Importer(815301076,1909f56bfc062723c751e8b465ee728b)  -> (artifact id: '02ae2f7137332b722fc74bfdd4831c0c') in 0.002953 seconds 
========================================================================
Received Import Request.
  Time since last request: 0.000014 seconds.
  path: Assets/Resources/Scriptable Objects/Items/Item Stats/Abilities/Temporäre Stase.asset
  artifactKey: Guid(fd53098ccc89e4043b9d041df16a1fb3) Importer(815301076,1909f56bfc062723c751e8b465ee728b)
Start importing Assets/Resources/Scriptable Objects/Items/Item Stats/Abilities/Temporäre Stase.asset using Guid(fd53098ccc89e4043b9d041df16a1fb3) Importer(815301076,1909f56bfc062723c751e8b465ee728b)  -> (artifact id: 'd462d3b4cabc1b5166e144700e7e2846') in 0.013385 seconds 
========================================================================
Received Import Request.
  Time since last request: 0.000015 seconds.
  path: Assets/Resources/Scriptable Objects/Items/Item Stats/Consumables/Divine Feather.asset
  artifactKey: Guid(1c9b4427a146a9c498f23b503aa9f60c) Importer(815301076,1909f56bfc062723c751e8b465ee728b)
Start importing Assets/Resources/Scriptable Objects/Items/Item Stats/Consumables/Divine Feather.asset using Guid(1c9b4427a146a9c498f23b503aa9f60c) Importer(815301076,1909f56bfc062723c751e8b465ee728b)  -> (artifact id: '84fe51a7fac73c51c1ac235d0f7e6a7b') in 0.004146 seconds 
========================================================================
Received Import Request.
  Time since last request: 0.000016 seconds.
  path: Assets/Resources/Scriptable Objects/Items/Item Stats/Crafting Items/Quartz.asset
  artifactKey: Guid(80b9fffb9b631724bb79124ff4732662) Importer(815301076,1909f56bfc062723c751e8b465ee728b)
Start importing Assets/Resources/Scriptable Objects/Items/Item Stats/Crafting Items/Quartz.asset using Guid(80b9fffb9b631724bb79124ff4732662) Importer(815301076,1909f56bfc062723c751e8b465ee728b)  -> (artifact id: '9753acf27e64e773b55ec7e9d362c355') in 0.002826 seconds 
========================================================================
Received Import Request.
  Time since last request: 0.000018 seconds.
  path: Assets/Resources/Scriptable Objects/Items/Item Stats/Key Items/Titanias Treasure.asset
  artifactKey: Guid(cca5405231b587442a8fe2d954009f92) Importer(815301076,1909f56bfc062723c751e8b465ee728b)
Start importing Assets/Resources/Scriptable Objects/Items/Item Stats/Key Items/Titanias Treasure.asset using Guid(cca5405231b587442a8fe2d954009f92) Importer(815301076,1909f56bfc062723c751e8b465ee728b)  -> (artifact id: '94dea3d5265d1dc76c736119f5abf51e') in 0.002946 seconds 
========================================================================
Received Import Request.
  Time since last request: 0.000017 seconds.
  path: Assets/Resources/Scriptable Objects/Items/Item Stats/Crafting Items/Thunder Elemental.asset
  artifactKey: Guid(3360e7de4ddeeff439b629ca518c0fe3) Importer(815301076,1909f56bfc062723c751e8b465ee728b)
Start importing Assets/Resources/Scriptable Objects/Items/Item Stats/Crafting Items/Thunder Elemental.asset using Guid(3360e7de4ddeeff439b629ca518c0fe3) Importer(815301076,1909f56bfc062723c751e8b465ee728b)  -> (artifact id: 'f9fac81ddeff5082991625a364f9a2e0') in 0.003339 seconds 
========================================================================
Received Import Request.
  Time since last request: 0.000015 seconds.
  path: Assets/Resources/Scriptable Objects/Items/Item Stats/Crafting Items/Wood.asset
  artifactKey: Guid(69dd487cb931e694b87e8309295e3a72) Importer(815301076,1909f56bfc062723c751e8b465ee728b)
Start importing Assets/Resources/Scriptable Objects/Items/Item Stats/Crafting Items/Wood.asset using Guid(69dd487cb931e694b87e8309295e3a72) Importer(815301076,1909f56bfc062723c751e8b465ee728b)  -> (artifact id: 'ab1b31b4003942b1c6ab7781f0753faa') in 0.003228 seconds 
Editor requested this worker to shutdown with reason: Scaling down because of idle timeout
AssetImportWorker is now disconnected from the server
Process exiting
Exiting without the bug reporter. Application will terminate with return code 0