Using pre-set license
Built from '2021.3/staging' branch; Version is '2021.3.15f1 (e8e88683f834) revision 15263878'; Using compiler version '192829333'; Build Type 'Release'
OS: 'Windows 10  (10.0.19044) 64bit Core' Language: 'de' Physical Memory: 16305 MB
BatchMode: 1, IsHumanControllingUs: 0, StartBugReporterOnCrash: 0, Is64bit: 1, IsPro: 1

COMMAND LINE ARGUMENTS:
C:\Program Files\Unity\Hub\Editor\2021.3.15f1\Editor\Unity.exe
-adb2
-batchMode
-noUpm
-name
AssetImportWorker3
-projectPath
E:/Projekte/[Github] Repository/Crystal Alchemist/CrystalAlchemist/Crystal Alchemist
-logFile
Logs/AssetImportWorker3.log
-srvPort
65244
Successfully changed project path to: E:/Projekte/[Github] Repository/Crystal Alchemist/CrystalAlchemist/Crystal Alchemist
E:/Projekte/[Github] Repository/Crystal Alchemist/CrystalAlchemist/Crystal Alchemist
[UnityMemory] Configuration Parameters - Can be set up in boot.config
    "memorysetup-bucket-allocator-granularity=16"
    "memorysetup-bucket-allocator-bucket-count=8"
    "memorysetup-bucket-allocator-block-size=33554432"
    "memorysetup-bucket-allocator-block-count=8"
    "memorysetup-main-allocator-block-size=16777216"
    "memorysetup-thread-allocator-block-size=16777216"
    "memorysetup-gfx-main-allocator-block-size=16777216"
    "memorysetup-gfx-thread-allocator-block-size=16777216"
    "memorysetup-cache-allocator-block-size=4194304"
    "memorysetup-typetree-allocator-block-size=2097152"
    "memorysetup-profiler-bucket-allocator-granularity=16"
    "memorysetup-profiler-bucket-allocator-bucket-count=8"
    "memorysetup-profiler-bucket-allocator-block-size=33554432"
    "memorysetup-profiler-bucket-allocator-block-count=8"
    "memorysetup-profiler-allocator-block-size=16777216"
    "memorysetup-profiler-editor-allocator-block-size=1048576"
    "memorysetup-temp-allocator-size-main=16777216"
    "memorysetup-job-temp-allocator-block-size=2097152"
    "memorysetup-job-temp-allocator-block-size-background=1048576"
    "memorysetup-job-temp-allocator-reduction-small-platforms=262144"
    "memorysetup-temp-allocator-size-background-worker=32768"
    "memorysetup-temp-allocator-size-job-worker=262144"
    "memorysetup-temp-allocator-size-preload-manager=33554432"
    "memorysetup-temp-allocator-size-nav-mesh-worker=65536"
    "memorysetup-temp-allocator-size-audio-worker=65536"
    "memorysetup-temp-allocator-size-cloud-worker=32768"
    "memorysetup-temp-allocator-size-gi-baking-worker=262144"
    "memorysetup-temp-allocator-size-gfx=262144"
Player connection [3380] Host "[IP] 192.168.178.62 [Port] 0 [Flags] 2 [Guid] 2405824706 [EditorId] 2405824706 [Version] 1048832 [Id] WindowsEditor(7,DESKTOP-O4BM5D4) [Debug] 1 [PackageName] WindowsEditor [ProjectName] Editor" joined multi-casting on [225.0.0.222:54997]...

Player connection [3380] Host "[IP] 192.168.178.62 [Port] 0 [Flags] 2 [Guid] 2405824706 [EditorId] 2405824706 [Version] 1048832 [Id] WindowsEditor(7,DESKTOP-O4BM5D4) [Debug] 1 [PackageName] WindowsEditor [ProjectName] Editor" joined alternative multi-casting on [225.0.0.222:34997]...

Refreshing native plugins compatible for Editor in 104.38 ms, found 3 plugins.
Preloading 0 native plugins for Editor in 0.00 ms.
Initialize engine version: 2021.3.15f1 (e8e88683f834)
[Subsystems] Discovering subsystems at path C:/Program Files/Unity/Hub/Editor/2021.3.15f1/Editor/Data/Resources/UnitySubsystems
[Subsystems] Discovering subsystems at path E:/Projekte/[Github] Repository/Crystal Alchemist/CrystalAlchemist/Crystal Alchemist/Assets
GfxDevice: creating device client; threaded=0; jobified=0
Direct3D:
    Version:  Direct3D 11.0 [level 11.1]
    Renderer: NVIDIA GeForce RTX 3070 (ID=0x2488)
    Vendor:   NVIDIA
    VRAM:     8031 MB
    Driver:   31.0.15.2647
Initialize mono
Mono path[0] = 'C:/Program Files/Unity/Hub/Editor/2021.3.15f1/Editor/Data/Managed'
Mono path[1] = 'C:/Program Files/Unity/Hub/Editor/2021.3.15f1/Editor/Data/MonoBleedingEdge/lib/mono/unityjit-win32'
Mono config path = 'C:/Program Files/Unity/Hub/Editor/2021.3.15f1/Editor/Data/MonoBleedingEdge/etc'
Using monoOptions --debugger-agent=transport=dt_socket,embedding=1,server=y,suspend=n,address=127.0.0.1:56288
Begin MonoManager ReloadAssembly
Registering precompiled unity dll's ...
Register platform support module: C:/Program Files/Unity/Hub/Editor/2021.3.15f1/Editor/Data/PlaybackEngines/AndroidPlayer/UnityEditor.Android.Extensions.dll
Register platform support module: C:/Program Files/Unity/Hub/Editor/2021.3.15f1/Editor/Data/PlaybackEngines/WindowsStandaloneSupport/UnityEditor.WindowsStandalone.Extensions.dll
Registered in 0.009477 seconds.
Native extension for WindowsStandalone target not found
Native extension for Android target not found
Refreshing native plugins compatible for Editor in 90.44 ms, found 3 plugins.
Preloading 0 native plugins for Editor in 0.00 ms.
Mono: successfully reloaded assembly
- Completed reload, in  0.567 seconds
Domain Reload Profiling:
	ReloadAssembly (567ms)
		BeginReloadAssembly (64ms)
			ExecutionOrderSort (0ms)
			DisableScriptedObjects (0ms)
			BackupInstance (0ms)
			ReleaseScriptingObjects (0ms)
			CreateAndSetChildDomain (1ms)
		EndReloadAssembly (406ms)
			LoadAssemblies (62ms)
			RebuildTransferFunctionScriptingTraits (0ms)
			SetupTypeCache (79ms)
			ReleaseScriptCaches (0ms)
			RebuildScriptCaches (22ms)
			SetupLoadedEditorAssemblies (262ms)
				LogAssemblyErrors (0ms)
				InitializePlatformSupportModulesInManaged (46ms)
				SetLoadedEditorAssemblies (0ms)
				RefreshPlugins (91ms)
				BeforeProcessingInitializeOnLoad (1ms)
				ProcessInitializeOnLoadAttributes (91ms)
				ProcessInitializeOnLoadMethodAttributes (32ms)
				AfterProcessingInitializeOnLoad (0ms)
				EditorAssembliesLoaded (0ms)
			ExecutionOrderSort2 (0ms)
			AwakeInstancesAfterBackupRestoration (0ms)
Platform modules already initialized, skipping
Registering precompiled user dll's ...
Registered in 0.008951 seconds.
Begin MonoManager ReloadAssembly
Native extension for WindowsStandalone target not found
Native extension for Android target not found
Refreshing native plugins compatible for Editor in 92.66 ms, found 3 plugins.
Preloading 0 native plugins for Editor in 0.00 ms.
Mono: successfully reloaded assembly
- Completed reload, in  2.700 seconds
Domain Reload Profiling:
	ReloadAssembly (2700ms)
		BeginReloadAssembly (209ms)
			ExecutionOrderSort (0ms)
			DisableScriptedObjects (5ms)
			BackupInstance (0ms)
			ReleaseScriptingObjects (0ms)
			CreateAndSetChildDomain (133ms)
		EndReloadAssembly (2395ms)
			LoadAssemblies (84ms)
			RebuildTransferFunctionScriptingTraits (0ms)
			SetupTypeCache (238ms)
			ReleaseScriptCaches (1ms)
			RebuildScriptCaches (93ms)
			SetupLoadedEditorAssemblies (1949ms)
				LogAssemblyErrors (0ms)
				InitializePlatformSupportModulesInManaged (13ms)
				SetLoadedEditorAssemblies (0ms)
				RefreshPlugins (93ms)
				BeforeProcessingInitializeOnLoad (113ms)
				ProcessInitializeOnLoadAttributes (1652ms)
				ProcessInitializeOnLoadMethodAttributes (69ms)
				AfterProcessingInitializeOnLoad (9ms)
				EditorAssembliesLoaded (0ms)
			ExecutionOrderSort2 (0ms)
			AwakeInstancesAfterBackupRestoration (3ms)
Platform modules already initialized, skipping
========================================================================
Worker process is ready to serve import requests
Launched and connected shader compiler UnityShaderCompiler.exe after 0.04 seconds
Refreshing native plugins compatible for Editor in 1.26 ms, found 3 plugins.
Preloading 0 native plugins for Editor in 0.00 ms.
Unloading 5925 Unused Serialized files (Serialized files now loaded: 0)
Unloading 75 unused Assets / (1.5 MB). Loaded Objects now: 6419.
Memory consumption went from 251.8 MB to 250.3 MB.
Total: 22.868200 ms (FindLiveObjects: 0.356900 ms CreateObjectMapping: 0.268100 ms MarkObjects: 21.854700 ms  DeleteObjects: 0.387600 ms)

AssetImportParameters requested are different than current active one (requested -> active):
  custom:video-decoder-ogg-theora: a1e56fd34408186e4bbccfd4996cb3dc -> 
  custom:container-muxer-webm: aa71ff27fc2769a1b78a27578f13a17b -> 
  custom:container-demuxer-webm: 4f35f7cbe854078d1ac9338744f61a02 -> 
  custom:video-encoder-webm-vp8: eb34c28f22e8b96e1ab97ce403110664 -> 
  custom:audio-encoder-webm-vorbis: bf7c407c2cedff20999df2af8eb42d56 -> 
  custom:framework-win-MediaFoundation: 216162199b28c13a410421893ffa2e32 -> 
  custom:container-demuxer-ogg: 62fdf1f143b41e24485cea50d1cbac27 -> 
  custom:video-decoder-webm-vp8: 9c59270c3fd7afecdb556c50c9e8de78 -> 
  custom:audio-decoder-ogg-vorbis: bf7c407c2cedff20999df2af8eb42d56 -> 
========================================================================
Received Import Request.
  Time since last request: 2073704.089471 seconds.
  path: Assets/Resources/Art/Characters/Boss Sprites/Minibosses.png
  artifactKey: Guid(31b27746767e84a41bc6844ae9007ede) Importer(815301076,1909f56bfc062723c751e8b465ee728b)
Start importing Assets/Resources/Art/Characters/Boss Sprites/Minibosses.png using Guid(31b27746767e84a41bc6844ae9007ede) Importer(815301076,1909f56bfc062723c751e8b465ee728b)  -> (artifact id: '0009c285e74c0c0b8fc5ecbb3b970ac7') in 0.111450 seconds 
========================================================================
Received Import Request.
  Time since last request: 0.000018 seconds.
  path: Packages/com.unity.collab-proxy/Editor/PlasticSCM/Assets/Images/loading.png
  artifactKey: Guid(c6b1bcaa3f4767141acd747384dbb276) Importer(815301076,1909f56bfc062723c751e8b465ee728b)
Start importing Packages/com.unity.collab-proxy/Editor/PlasticSCM/Assets/Images/loading.png using Guid(c6b1bcaa3f4767141acd747384dbb276) Importer(815301076,1909f56bfc062723c751e8b465ee728b)  -> (artifact id: '586eb67c45c9c37575e5b978a0dde943') in 0.081672 seconds 
========================================================================
Received Import Request.
  Time since last request: 0.000019 seconds.
  path: Assets/Resources/Art/Skills/Boss Skills/Boss Skills.png
  artifactKey: Guid(19e41fde1b85dc14ebb4b1c58b1f9f1b) Importer(815301076,1909f56bfc062723c751e8b465ee728b)
Start importing Assets/Resources/Art/Skills/Boss Skills/Boss Skills.png using Guid(19e41fde1b85dc14ebb4b1c58b1f9f1b) Importer(815301076,1909f56bfc062723c751e8b465ee728b)  -> (artifact id: 'af2aa03f074da5c88a32f8f9f8a23b7a') in 0.201163 seconds 
========================================================================
Received Import Request.
  Time since last request: 0.000032 seconds.
  path: Packages/com.unity.collab-proxy/Editor/PlasticSCM/Assets/Images/loading@2x.png
  artifactKey: Guid(5dbc069eb79bd4d43840847264d6d956) Importer(815301076,1909f56bfc062723c751e8b465ee728b)
Start importing Packages/com.unity.collab-proxy/Editor/PlasticSCM/Assets/Images/loading@2x.png using Guid(5dbc069eb79bd4d43840847264d6d956) Importer(815301076,1909f56bfc062723c751e8b465ee728b)  -> (artifact id: '26418283a4ff4fbee9df99344b64c00e') in 0.046492 seconds 
========================================================================
Received Import Request.
  Time since last request: 0.000019 seconds.
  path: Assets/Gizmos/Skills/Look At It.png
  artifactKey: Guid(ad0d4a043eea4ed43965629a19222137) Importer(815301076,1909f56bfc062723c751e8b465ee728b)
Start importing Assets/Gizmos/Skills/Look At It.png using Guid(ad0d4a043eea4ed43965629a19222137) Importer(815301076,1909f56bfc062723c751e8b465ee728b)  -> (artifact id: 'fa17f950607a282b5522d9538a7d707a') in 0.022056 seconds 
========================================================================
Received Import Request.
  Time since last request: 0.000018 seconds.
  path: Assets/Gizmos/Skills/Look Away.png
  artifactKey: Guid(e1f7f94002afa114bb4015304a958425) Importer(815301076,1909f56bfc062723c751e8b465ee728b)
Start importing Assets/Gizmos/Skills/Look Away.png using Guid(e1f7f94002afa114bb4015304a958425) Importer(815301076,1909f56bfc062723c751e8b465ee728b)  -> (artifact id: '8a85f1e8f23bc0e3059393b576b7b1d7') in 0.038365 seconds 
========================================================================
Received Import Request.
  Time since last request: 0.000014 seconds.
  path: Assets/Resources/Art/Effekte/Big.png
  artifactKey: Guid(6ff4446d1d643d74390929217b07071f) Importer(815301076,1909f56bfc062723c751e8b465ee728b)
Start importing Assets/Resources/Art/Effekte/Big.png using Guid(6ff4446d1d643d74390929217b07071f) Importer(815301076,1909f56bfc062723c751e8b465ee728b)  -> (artifact id: 'a1a26749295051c4e0ef8b6cdeb8c207') in 0.106911 seconds 
========================================================================
Received Import Request.
  Time since last request: 91.226830 seconds.
  path: Assets/Resources/Art/Characters/Player Sprites/Face Gear/Glasses.png
  artifactKey: Guid(48522f6bb6dd11b49a811fe3b1d90035) Importer(815301076,1909f56bfc062723c751e8b465ee728b)
Start importing Assets/Resources/Art/Characters/Player Sprites/Face Gear/Glasses.png using Guid(48522f6bb6dd11b49a811fe3b1d90035) Importer(815301076,1909f56bfc062723c751e8b465ee728b)  -> (artifact id: '7679e43af064b660138ccc8fcca5a41d') in 0.244411 seconds 
========================================================================
Received Import Request.
  Time since last request: 0.000025 seconds.
  path: Assets/Resources/Art/Characters/Boss Sprites/Titania.png
  artifactKey: Guid(0b261ff664cc4a74ab6145800b747c86) Importer(815301076,1909f56bfc062723c751e8b465ee728b)
Start importing Assets/Resources/Art/Characters/Boss Sprites/Titania.png using Guid(0b261ff664cc4a74ab6145800b747c86) Importer(815301076,1909f56bfc062723c751e8b465ee728b)  -> (artifact id: '106b901a5b7ac9627ddb6c9620d908f4') in 0.072976 seconds 
========================================================================
Received Import Request.
  Time since last request: 0.000027 seconds.
  path: Assets/Resources/Art/Characters/Player Sprites/Upper Gear/Archer.png
  artifactKey: Guid(7732e846c11096443848571515442fe3) Importer(815301076,1909f56bfc062723c751e8b465ee728b)
Start importing Assets/Resources/Art/Characters/Player Sprites/Upper Gear/Archer.png using Guid(7732e846c11096443848571515442fe3) Importer(815301076,1909f56bfc062723c751e8b465ee728b)  -> (artifact id: 'da62a13ceaecd82e4a3eba1e459a423b') in 0.051352 seconds 
========================================================================
Received Import Request.
  Time since last request: 0.000017 seconds.
  path: Assets/Resources/Art/Characters/Player Sprites/HeadGear/Crown.png
  artifactKey: Guid(c25c95dd9397226418c2d9b16ceba337) Importer(815301076,1909f56bfc062723c751e8b465ee728b)
Start importing Assets/Resources/Art/Characters/Player Sprites/HeadGear/Crown.png using Guid(c25c95dd9397226418c2d9b16ceba337) Importer(815301076,1909f56bfc062723c751e8b465ee728b)  -> (artifact id: '1b64fad3165aaa8ad6cdfd21b3b30ff4') in 0.073265 seconds 
========================================================================
Received Import Request.
  Time since last request: 0.000014 seconds.
  path: Assets/Resources/Art/Characters/Player Sprites/Legs/Snake Tail.png
  artifactKey: Guid(eed0f87847398c948a9978d93902e609) Importer(815301076,1909f56bfc062723c751e8b465ee728b)
Start importing Assets/Resources/Art/Characters/Player Sprites/Legs/Snake Tail.png using Guid(eed0f87847398c948a9978d93902e609) Importer(815301076,1909f56bfc062723c751e8b465ee728b)  -> (artifact id: 'e44eb40774dc774df969e41c84a6e267') in 0.099087 seconds 
========================================================================
Received Import Request.
  Time since last request: 0.000017 seconds.
  path: Assets/Resources/Art/Characters/Player Sprites/Standard/Face.png
  artifactKey: Guid(c40683d1a1410a34c910bb85a92e77c5) Importer(815301076,1909f56bfc062723c751e8b465ee728b)
Start importing Assets/Resources/Art/Characters/Player Sprites/Standard/Face.png using Guid(c40683d1a1410a34c910bb85a92e77c5) Importer(815301076,1909f56bfc062723c751e8b465ee728b)  -> (artifact id: '51afa2e4a36f5863b67384cae9b9c918') in 0.120411 seconds 
========================================================================
Received Import Request.
  Time since last request: 0.000024 seconds.
  path: Assets/Resources/Art/Characters/Player Sprites/Horns/Snake Horn.png
  artifactKey: Guid(9bc628dc1741b04418d4173419126529) Importer(815301076,1909f56bfc062723c751e8b465ee728b)
Start importing Assets/Resources/Art/Characters/Player Sprites/Horns/Snake Horn.png using Guid(9bc628dc1741b04418d4173419126529) Importer(815301076,1909f56bfc062723c751e8b465ee728b)  -> (artifact id: '949ab46c44c51c2a811b3126b6f50997') in 0.083019 seconds 
========================================================================
Received Import Request.
  Time since last request: 0.000019 seconds.
  path: Assets/Resources/Art/Characters/Player Sprites/Ears/Elf Ears.png
  artifactKey: Guid(79d69ee045605764491ced1d4c886c83) Importer(815301076,1909f56bfc062723c751e8b465ee728b)
Start importing Assets/Resources/Art/Characters/Player Sprites/Ears/Elf Ears.png using Guid(79d69ee045605764491ced1d4c886c83) Importer(815301076,1909f56bfc062723c751e8b465ee728b)  -> (artifact id: '9fd40cab204dc3c9bf3577425c705d99') in 0.047338 seconds 
========================================================================
Received Import Request.
  Time since last request: 0.000016 seconds.
  path: Assets/Resources/Art/Characters/Player Sprites/Upper Gear/Knight.png
  artifactKey: Guid(c7900800d95a7a74b894ef5e8f3366cf) Importer(815301076,1909f56bfc062723c751e8b465ee728b)
Start importing Assets/Resources/Art/Characters/Player Sprites/Upper Gear/Knight.png using Guid(c7900800d95a7a74b894ef5e8f3366cf) Importer(815301076,1909f56bfc062723c751e8b465ee728b)  -> (artifact id: 'b3abded8747fca11029a570ced805492') in 0.053834 seconds 
========================================================================
Received Import Request.
  Time since last request: 0.000017 seconds.
  path: Assets/Resources/Art/Characters/Player Sprites/Underwear/Underwear.png
  artifactKey: Guid(1c0104c112c57974eb2a66769deaf450) Importer(815301076,1909f56bfc062723c751e8b465ee728b)
Start importing Assets/Resources/Art/Characters/Player Sprites/Underwear/Underwear.png using Guid(1c0104c112c57974eb2a66769deaf450) Importer(815301076,1909f56bfc062723c751e8b465ee728b)  -> (artifact id: 'b3f1ec1d79393f8c7373c8eb1da6080e') in 0.071248 seconds 
========================================================================
Received Import Request.
  Time since last request: 0.000023 seconds.
  path: Assets/Resources/Art/Characters/Player Sprites/Lower Gear/Archer Boots.png
  artifactKey: Guid(b70927682896b9349950ee75bbdd55ce) Importer(815301076,1909f56bfc062723c751e8b465ee728b)
Start importing Assets/Resources/Art/Characters/Player Sprites/Lower Gear/Archer Boots.png using Guid(b70927682896b9349950ee75bbdd55ce) Importer(815301076,1909f56bfc062723c751e8b465ee728b)  -> (artifact id: '0cbe8b78ae9164e847779aa4a4cb5048') in 0.051057 seconds 
========================================================================
Received Import Request.
  Time since last request: 0.000016 seconds.
  path: Assets/Resources/Art/Characters/Player Sprites/Standard/Empty.png
  artifactKey: Guid(5842ad0aa44510543b1b76b29d08acb0) Importer(815301076,1909f56bfc062723c751e8b465ee728b)
Start importing Assets/Resources/Art/Characters/Player Sprites/Standard/Empty.png using Guid(5842ad0aa44510543b1b76b29d08acb0) Importer(815301076,1909f56bfc062723c751e8b465ee728b)  -> (artifact id: 'ad5601a7f1dd297a955e6744490e5888') in 0.068716 seconds 
========================================================================
Received Import Request.
  Time since last request: 0.000020 seconds.
  path: Assets/Resources/Art/Characters/Player Sprites/HeadGear/Halo.png
  artifactKey: Guid(19412aafeed4c064ea32ed212fabded1) Importer(815301076,1909f56bfc062723c751e8b465ee728b)
Start importing Assets/Resources/Art/Characters/Player Sprites/HeadGear/Halo.png using Guid(19412aafeed4c064ea32ed212fabded1) Importer(815301076,1909f56bfc062723c751e8b465ee728b)  -> (artifact id: '01002675a02a79b170b7fc3f1567c918') in 0.056399 seconds 
========================================================================
Received Import Request.
  Time since last request: 0.000017 seconds.
  path: Assets/Resources/Art/Characters/Player Sprites/HeadGear/Tiara.png
  artifactKey: Guid(e93a5594098a7b54190466e5a84888fe) Importer(815301076,1909f56bfc062723c751e8b465ee728b)
Start importing Assets/Resources/Art/Characters/Player Sprites/HeadGear/Tiara.png using Guid(e93a5594098a7b54190466e5a84888fe) Importer(815301076,1909f56bfc062723c751e8b465ee728b)  -> (artifact id: '81e3eed3d609affe2c724c3a1f786508') in 0.047462 seconds 
========================================================================
Received Import Request.
  Time since last request: 0.000026 seconds.
  path: Assets/Resources/Art/Characters/Player Sprites/BackGear/Wings.png
  artifactKey: Guid(f62bb46941260c84bb778a47493b2df1) Importer(815301076,1909f56bfc062723c751e8b465ee728b)
Start importing Assets/Resources/Art/Characters/Player Sprites/BackGear/Wings.png using Guid(f62bb46941260c84bb778a47493b2df1) Importer(815301076,1909f56bfc062723c751e8b465ee728b)  -> (artifact id: '88c7fbf6196088870fee1417b139b342') in 0.057147 seconds 
Editor requested this worker to shutdown with reason: Scaling down because of idle timeout
AssetImportWorker is now disconnected from the server
Process exiting
Exiting without the bug reporter. Application will terminate with return code 0